<?xml version="1.0" encoding="UTF-8"?>
<coverage generated="1656585943940" clover="3.2.0">
  <project timestamp="1656585943940" name="All files">
    <metrics statements="256" coveredstatements="226" conditionals="84" coveredconditionals="64" methods="80" coveredmethods="70" elements="420" coveredelements="360" complexity="0" loc="256" ncloc="256" packages="25" files="27" classes="27"/>
    <package name="src">
      <metrics statements="2" coveredstatements="2" conditionals="0" coveredconditionals="0" methods="1" coveredmethods="1"/>
      <file name="App.tsx" path="C:\Users\ThuanDV\Desktop\Trainning\react-training\movie-app\src\App.tsx">
        <metrics statements="2" coveredstatements="2" conditionals="0" coveredconditionals="0" methods="1" coveredmethods="1"/>
        <line num="8" count="1" type="stmt"/>
        <line num="9" count="2" type="stmt"/>
      </file>
    </package>
    <package name="src.components.Button">
      <metrics statements="3" coveredstatements="3" conditionals="0" coveredconditionals="0" methods="1" coveredmethods="1"/>
      <file name="Button.tsx" path="C:\Users\ThuanDV\Desktop\Trainning\react-training\movie-app\src\components\Button\Button.tsx">
        <metrics statements="3" coveredstatements="3" conditionals="0" coveredconditionals="0" methods="1" coveredmethods="1"/>
        <line num="15" count="4" type="stmt"/>
        <line num="25" count="30" type="stmt"/>
        <line num="27" count="30" type="stmt"/>
      </file>
    </package>
    <package name="src.components.CardMovie">
      <metrics statements="11" coveredstatements="11" conditionals="6" coveredconditionals="6" methods="5" coveredmethods="5"/>
      <file name="CardMovie.tsx" path="C:\Users\ThuanDV\Desktop\Trainning\react-training\movie-app\src\components\CardMovie\CardMovie.tsx">
        <metrics statements="11" coveredstatements="11" conditionals="6" coveredconditionals="6" methods="5" coveredmethods="5"/>
        <line num="14" count="4" type="stmt"/>
        <line num="15" count="16" type="stmt"/>
        <line num="17" count="16" type="stmt"/>
        <line num="19" count="16" type="stmt"/>
        <line num="20" count="1" type="stmt"/>
        <line num="23" count="16" type="stmt"/>
        <line num="24" count="1" type="stmt"/>
        <line num="27" count="16" type="stmt"/>
        <line num="28" count="1" type="stmt"/>
        <line num="32" count="4" type="stmt"/>
        <line num="46" count="16" type="stmt"/>
      </file>
    </package>
    <package name="src.components.CardMovie.ContentCard">
      <metrics statements="4" coveredstatements="4" conditionals="0" coveredconditionals="0" methods="1" coveredmethods="1"/>
      <file name="ContentCard.tsx" path="C:\Users\ThuanDV\Desktop\Trainning\react-training\movie-app\src\components\CardMovie\ContentCard\ContentCard.tsx">
        <metrics statements="4" coveredstatements="4" conditionals="0" coveredconditionals="0" methods="1" coveredmethods="1"/>
        <line num="13" count="5" type="stmt"/>
        <line num="14" count="14" type="stmt"/>
        <line num="16" count="14" type="stmt"/>
        <line num="18" count="14" type="stmt"/>
      </file>
    </package>
    <package name="src.components.CardMovie.ImageCard">
      <metrics statements="3" coveredstatements="3" conditionals="2" coveredconditionals="2" methods="1" coveredmethods="1"/>
      <file name="ImageCard.tsx" path="C:\Users\ThuanDV\Desktop\Trainning\react-training\movie-app\src\components\CardMovie\ImageCard\ImageCard.tsx">
        <metrics statements="3" coveredstatements="3" conditionals="2" coveredconditionals="2" methods="1" coveredmethods="1"/>
        <line num="14" count="5" type="stmt"/>
        <line num="15" count="15" type="stmt"/>
        <line num="17" count="15" type="stmt"/>
      </file>
    </package>
    <package name="src.components.Chip">
      <metrics statements="3" coveredstatements="3" conditionals="2" coveredconditionals="2" methods="1" coveredmethods="1"/>
      <file name="Chip.tsx" path="C:\Users\ThuanDV\Desktop\Trainning\react-training\movie-app\src\components\Chip\Chip.tsx">
        <metrics statements="3" coveredstatements="3" conditionals="2" coveredconditionals="2" methods="1" coveredmethods="1"/>
        <line num="10" count="4" type="stmt"/>
        <line num="11" count="86" type="stmt"/>
        <line num="13" count="86" type="stmt"/>
      </file>
    </package>
    <package name="src.components.Footer">
      <metrics statements="8" coveredstatements="8" conditionals="0" coveredconditionals="0" methods="5" coveredmethods="5"/>
      <file name="Footer.tsx" path="C:\Users\ThuanDV\Desktop\Trainning\react-training\movie-app\src\components\Footer\Footer.tsx">
        <metrics statements="8" coveredstatements="8" conditionals="0" coveredconditionals="0" methods="5" coveredmethods="5"/>
        <line num="8" count="2" type="stmt"/>
        <line num="9" count="2" type="stmt"/>
        <line num="10" count="2" type="stmt"/>
        <line num="13" count="8" type="stmt"/>
        <line num="22" count="2" type="stmt"/>
        <line num="23" count="8" type="stmt"/>
        <line num="26" count="30" type="stmt"/>
        <line num="34" count="2" type="stmt"/>
      </file>
    </package>
    <package name="src.components.Header">
      <metrics statements="2" coveredstatements="2" conditionals="0" coveredconditionals="0" methods="1" coveredmethods="1"/>
      <file name="Header.tsx" path="C:\Users\ThuanDV\Desktop\Trainning\react-training\movie-app\src\components\Header\Header.tsx">
        <metrics statements="2" coveredstatements="2" conditionals="0" coveredconditionals="0" methods="1" coveredmethods="1"/>
        <line num="7" count="2" type="stmt"/>
        <line num="8" count="2" type="stmt"/>
      </file>
    </package>
    <package name="src.components.ListMovie">
      <metrics statements="6" coveredstatements="5" conditionals="2" coveredconditionals="2" methods="4" coveredmethods="3"/>
      <file name="ListMovie.tsx" path="C:\Users\ThuanDV\Desktop\Trainning\react-training\movie-app\src\components\ListMovie\ListMovie.tsx">
        <metrics statements="6" coveredstatements="5" conditionals="2" coveredconditionals="2" methods="4" coveredmethods="3"/>
        <line num="27" count="3" type="stmt"/>
        <line num="40" count="13" type="stmt"/>
        <line num="42" count="13" type="stmt"/>
        <line num="59" count="101" type="stmt"/>
        <line num="93" count="12" type="stmt"/>
        <line num="95" count="0" type="stmt"/>
      </file>
    </package>
    <package name="src.components.Menu">
      <metrics statements="3" coveredstatements="3" conditionals="0" coveredconditionals="0" methods="1" coveredmethods="1"/>
      <file name="Menu.tsx" path="C:\Users\ThuanDV\Desktop\Trainning\react-training\movie-app\src\components\Menu\Menu.tsx">
        <metrics statements="3" coveredstatements="3" conditionals="0" coveredconditionals="0" methods="1" coveredmethods="1"/>
        <line num="9" count="4" type="stmt"/>
        <line num="10" count="28" type="stmt"/>
        <line num="12" count="28" type="stmt"/>
      </file>
    </package>
    <package name="src.components.Movie">
      <metrics statements="3" coveredstatements="3" conditionals="0" coveredconditionals="0" methods="1" coveredmethods="1"/>
      <file name="Movie.tsx" path="C:\Users\ThuanDV\Desktop\Trainning\react-training\movie-app\src\components\Movie\Movie.tsx">
        <metrics statements="3" coveredstatements="3" conditionals="0" coveredconditionals="0" methods="1" coveredmethods="1"/>
        <line num="9" count="3" type="stmt"/>
        <line num="10" count="3" type="stmt"/>
        <line num="12" count="3" type="stmt"/>
      </file>
    </package>
    <package name="src.components.Movie.ContentMovie">
      <metrics statements="3" coveredstatements="3" conditionals="2" coveredconditionals="2" methods="1" coveredmethods="1"/>
      <file name="ContentMovie.tsx" path="C:\Users\ThuanDV\Desktop\Trainning\react-training\movie-app\src\components\Movie\ContentMovie\ContentMovie.tsx">
        <metrics statements="3" coveredstatements="3" conditionals="2" coveredconditionals="2" methods="1" coveredmethods="1"/>
        <line num="18" count="4" type="stmt"/>
        <line num="28" count="5" type="stmt"/>
        <line num="30" count="5" type="stmt"/>
      </file>
    </package>
    <package name="src.components.Movie.ContentMovie.InfoMovie">
      <metrics statements="7" coveredstatements="7" conditionals="0" coveredconditionals="0" methods="3" coveredmethods="3"/>
      <file name="InfoMovie.tsx" path="C:\Users\ThuanDV\Desktop\Trainning\react-training\movie-app\src\components\Movie\ContentMovie\InfoMovie\InfoMovie.tsx">
        <metrics statements="7" coveredstatements="7" conditionals="0" coveredconditionals="0" methods="3" coveredmethods="3"/>
        <line num="17" count="5" type="stmt"/>
        <line num="18" count="7" type="stmt"/>
        <line num="19" count="7" type="stmt"/>
        <line num="20" count="7" type="stmt"/>
        <line num="22" count="7" type="stmt"/>
        <line num="37" count="4" type="stmt"/>
        <line num="67" count="28" type="stmt"/>
      </file>
    </package>
    <package name="src.components.Navbar">
      <metrics statements="4" coveredstatements="4" conditionals="2" coveredconditionals="2" methods="2" coveredmethods="2"/>
      <file name="Navbar.tsx" path="C:\Users\ThuanDV\Desktop\Trainning\react-training\movie-app\src\components\Navbar\Navbar.tsx">
        <metrics statements="4" coveredstatements="4" conditionals="2" coveredconditionals="2" methods="2" coveredmethods="2"/>
        <line num="10" count="3" type="stmt"/>
        <line num="11" count="4" type="stmt"/>
        <line num="12" count="4" type="stmt"/>
        <line num="17" count="6" type="stmt"/>
      </file>
    </package>
    <package name="src.components.Navbar.NavItem">
      <metrics statements="4" coveredstatements="4" conditionals="0" coveredconditionals="0" methods="2" coveredmethods="2"/>
      <file name="NavItem.tsx" path="C:\Users\ThuanDV\Desktop\Trainning\react-training\movie-app\src\components\Navbar\NavItem\NavItem.tsx">
        <metrics statements="4" coveredstatements="4" conditionals="0" coveredconditionals="0" methods="2" coveredmethods="2"/>
        <line num="8" count="4" type="stmt"/>
        <line num="9" count="4" type="stmt"/>
        <line num="11" count="4" type="stmt"/>
        <line num="14" count="10" type="stmt"/>
      </file>
    </package>
    <package name="src.components.Optional">
      <metrics statements="4" coveredstatements="4" conditionals="0" coveredconditionals="0" methods="2" coveredmethods="2"/>
      <file name="Optional.tsx" path="C:\Users\ThuanDV\Desktop\Trainning\react-training\movie-app\src\components\Optional\Optional.tsx">
        <metrics statements="4" coveredstatements="4" conditionals="0" coveredconditionals="0" methods="2" coveredmethods="2"/>
        <line num="8" count="6" type="stmt"/>
        <line num="9" count="17" type="stmt"/>
        <line num="10" count="17" type="stmt"/>
        <line num="11" count="2" type="stmt"/>
      </file>
    </package>
    <package name="src.components.Popup">
      <metrics statements="3" coveredstatements="3" conditionals="0" coveredconditionals="0" methods="1" coveredmethods="1"/>
      <file name="Popup.tsx" path="C:\Users\ThuanDV\Desktop\Trainning\react-training\movie-app\src\components\Popup\Popup.tsx">
        <metrics statements="3" coveredstatements="3" conditionals="0" coveredconditionals="0" methods="1" coveredmethods="1"/>
        <line num="12" count="5" type="stmt"/>
        <line num="13" count="7" type="stmt"/>
        <line num="15" count="7" type="stmt"/>
      </file>
    </package>
    <package name="src.components.RangerSlider">
      <metrics statements="7" coveredstatements="7" conditionals="2" coveredconditionals="2" methods="2" coveredmethods="2"/>
      <file name="RangerSlider.tsx" path="C:\Users\ThuanDV\Desktop\Trainning\react-training\movie-app\src\components\RangerSlider\RangerSlider.tsx">
        <metrics statements="7" coveredstatements="7" conditionals="2" coveredconditionals="2" methods="2" coveredmethods="2"/>
        <line num="13" count="4" type="stmt"/>
        <line num="14" count="18" type="stmt"/>
        <line num="15" count="18" type="stmt"/>
        <line num="17" count="18" type="stmt"/>
        <line num="18" count="2" type="stmt"/>
        <line num="19" count="2" type="stmt"/>
        <line num="22" count="18" type="stmt"/>
      </file>
    </package>
    <package name="src.components.Select">
      <metrics statements="14" coveredstatements="14" conditionals="2" coveredconditionals="2" methods="5" coveredmethods="5"/>
      <file name="Select.tsx" path="C:\Users\ThuanDV\Desktop\Trainning\react-training\movie-app\src\components\Select\Select.tsx">
        <metrics statements="14" coveredstatements="14" conditionals="2" coveredconditionals="2" methods="5" coveredmethods="5"/>
        <line num="8" count="4" type="stmt"/>
        <line num="9" count="20" type="stmt"/>
        <line num="10" count="20" type="stmt"/>
        <line num="11" count="20" type="stmt"/>
        <line num="13" count="20" type="stmt"/>
        <line num="14" count="2" type="stmt"/>
        <line num="17" count="20" type="stmt"/>
        <line num="18" count="1" type="stmt"/>
        <line num="19" count="1" type="stmt"/>
        <line num="20" count="1" type="stmt"/>
        <line num="24" count="20" type="stmt"/>
        <line num="27" count="160" type="stmt"/>
        <line num="31" count="1" type="stmt"/>
        <line num="40" count="20" type="stmt"/>
      </file>
    </package>
    <package name="src.components.Tooltip">
      <metrics statements="3" coveredstatements="3" conditionals="0" coveredconditionals="0" methods="1" coveredmethods="1"/>
      <file name="Tooltip.tsx" path="C:\Users\ThuanDV\Desktop\Trainning\react-training\movie-app\src\components\Tooltip\Tooltip.tsx">
        <metrics statements="3" coveredstatements="3" conditionals="0" coveredconditionals="0" methods="1" coveredmethods="1"/>
        <line num="9" count="6" type="stmt"/>
        <line num="10" count="30" type="stmt"/>
        <line num="11" count="30" type="stmt"/>
      </file>
    </package>
    <package name="src.helper">
      <metrics statements="27" coveredstatements="27" conditionals="10" coveredconditionals="8" methods="9" coveredmethods="9"/>
      <file name="index.ts" path="C:\Users\ThuanDV\Desktop\Trainning\react-training\movie-app\src\helper\index.ts">
        <metrics statements="27" coveredstatements="27" conditionals="10" coveredconditionals="8" methods="9" coveredmethods="9"/>
        <line num="8" count="11" type="stmt"/>
        <line num="9" count="2" type="cond" truecount="4" falsecount="0"/>
        <line num="10" count="1" type="stmt"/>
        <line num="13" count="1" type="stmt"/>
        <line num="14" count="2" type="stmt"/>
        <line num="16" count="2" type="stmt"/>
        <line num="20" count="1" type="stmt"/>
        <line num="23" count="11" type="stmt"/>
        <line num="24" count="6" type="stmt"/>
        <line num="25" count="6" type="stmt"/>
        <line num="27" count="1" type="cond" truecount="1" falsecount="1"/>
        <line num="28" count="1" type="stmt"/>
        <line num="32" count="11" type="stmt"/>
        <line num="33" count="2" type="stmt"/>
        <line num="36" count="11" type="stmt"/>
        <line num="37" count="3" type="stmt"/>
        <line num="39" count="3" type="cond" truecount="2" falsecount="0"/>
        <line num="40" count="1" type="stmt"/>
        <line num="42" count="2" type="stmt"/>
        <line num="45" count="11" type="stmt"/>
        <line num="46" count="1" type="stmt"/>
        <line num="48" count="1" type="cond" truecount="1" falsecount="1"/>
        <line num="49" count="1" type="stmt"/>
        <line num="53" count="11" type="stmt"/>
        <line num="54" count="8" type="stmt"/>
        <line num="55" count="8" type="stmt"/>
        <line num="57" count="8" type="stmt"/>
      </file>
    </package>
    <package name="src.pages">
      <metrics statements="81" coveredstatements="53" conditionals="34" coveredconditionals="17" methods="17" coveredmethods="8"/>
      <file name="ListMoviePage.tsx" path="C:\Users\ThuanDV\Desktop\Trainning\react-training\movie-app\src\pages\ListMoviePage.tsx">
        <metrics statements="72" coveredstatements="44" conditionals="32" coveredconditionals="15" methods="15" coveredmethods="6"/>
        <line num="18" count="2" type="stmt"/>
        <line num="19" count="15" type="cond" truecount="5" falsecount="0"/>
        <line num="21" count="1" type="stmt"/>
        <line num="23" count="1" type="stmt"/>
        <line num="25" count="1" type="stmt"/>
        <line num="27" count="1" type="stmt"/>
        <line num="29" count="11" type="stmt"/>
        <line num="33" count="2" type="stmt"/>
        <line num="34" count="11" type="cond" truecount="1" falsecount="0"/>
        <line num="35" count="10" type="stmt"/>
        <line num="36" count="10" type="stmt"/>
        <line num="37" count="10" type="stmt"/>
        <line num="38" count="10" type="stmt"/>
        <line num="39" count="10" type="stmt"/>
        <line num="40" count="10" type="stmt"/>
        <line num="41" count="10" type="stmt"/>
        <line num="42" count="10" type="stmt"/>
        <line num="43" count="10" type="stmt"/>
        <line num="44" count="10" type="stmt"/>
        <line num="45" count="10" type="stmt"/>
        <line num="46" count="10" type="stmt"/>
        <line num="48" count="10" type="stmt"/>
        <line num="49" count="5" type="cond" truecount="2" falsecount="0"/>
        <line num="50" count="4" type="stmt"/>
        <line num="55" count="4" type="stmt"/>
        <line num="56" count="4" type="stmt"/>
        <line num="59" count="5" type="cond" truecount="2" falsecount="0"/>
        <line num="60" count="4" type="stmt"/>
        <line num="61" count="76" type="stmt"/>
        <line num="64" count="4" type="stmt"/>
        <line num="68" count="10" type="stmt"/>
        <line num="70" count="0" type="stmt"/>
        <line num="72" count="0" type="cond" truecount="0" falsecount="2"/>
        <line num="73" count="0" type="stmt"/>
        <line num="74" count="0" type="cond" truecount="0" falsecount="2"/>
        <line num="79" count="0" type="cond" truecount="0" falsecount="4"/>
        <line num="80" count="0" type="stmt"/>
        <line num="82" count="0" type="stmt"/>
        <line num="87" count="0" type="stmt"/>
        <line num="89" count="0" type="cond" truecount="0" falsecount="2"/>
        <line num="99" count="10" type="stmt"/>
        <line num="100" count="1" type="stmt"/>
        <line num="102" count="1" type="stmt"/>
        <line num="110" count="1" type="cond" truecount="1" falsecount="1"/>
        <line num="111" count="0" type="stmt"/>
        <line num="112" count="0" type="stmt"/>
        <line num="121" count="10" type="stmt"/>
        <line num="122" count="0" type="stmt"/>
        <line num="130" count="0" type="cond" truecount="0" falsecount="2"/>
        <line num="131" count="0" type="stmt"/>
        <line num="132" count="0" type="stmt"/>
        <line num="133" count="0" type="stmt"/>
        <line num="137" count="10" type="stmt"/>
        <line num="139" count="0" type="stmt"/>
        <line num="140" count="0" type="stmt"/>
        <line num="142" count="0" type="cond" truecount="0" falsecount="2"/>
        <line num="143" count="0" type="stmt"/>
        <line num="144" count="0" type="stmt"/>
        <line num="146" count="0" type="stmt"/>
        <line num="149" count="0" type="stmt"/>
        <line num="150" count="0" type="stmt"/>
        <line num="155" count="10" type="stmt"/>
        <line num="156" count="1" type="stmt"/>
        <line num="157" count="1" type="stmt"/>
        <line num="160" count="10" type="stmt"/>
        <line num="161" count="0" type="stmt"/>
        <line num="169" count="0" type="cond" truecount="0" falsecount="2"/>
        <line num="170" count="0" type="stmt"/>
        <line num="171" count="0" type="stmt"/>
        <line num="176" count="10" type="cond" truecount="4" falsecount="0"/>
        <line num="178" count="10" type="stmt"/>
        <line num="180" count="10" type="stmt"/>
      </file>
      <file name="NotFoundPage.tsx" path="C:\Users\ThuanDV\Desktop\Trainning\react-training\movie-app\src\pages\NotFoundPage.tsx">
        <metrics statements="2" coveredstatements="2" conditionals="0" coveredconditionals="0" methods="1" coveredmethods="1"/>
        <line num="4" count="2" type="stmt"/>
        <line num="5" count="1" type="stmt"/>
      </file>
      <file name="SingleMoviePage.tsx" path="C:\Users\ThuanDV\Desktop\Trainning\react-training\movie-app\src\pages\SingleMoviePage.tsx">
        <metrics statements="7" coveredstatements="7" conditionals="2" coveredconditionals="2" methods="1" coveredmethods="1"/>
        <line num="6" count="2" type="stmt"/>
        <line num="7" count="3" type="stmt"/>
        <line num="8" count="2" type="stmt"/>
        <line num="9" count="2" type="stmt"/>
        <line num="11" count="2" type="cond" truecount="2" falsecount="0"/>
        <line num="12" count="1" type="stmt"/>
        <line num="15" count="1" type="stmt"/>
      </file>
    </package>
    <package name="src.services">
      <metrics statements="3" coveredstatements="3" conditionals="0" coveredconditionals="0" methods="1" coveredmethods="1"/>
      <file name="index.ts" path="C:\Users\ThuanDV\Desktop\Trainning\react-training\movie-app\src\services\index.ts">
        <metrics statements="3" coveredstatements="3" conditionals="0" coveredconditionals="0" methods="1" coveredmethods="1"/>
        <line num="1" count="11" type="stmt"/>
        <line num="2" count="1" type="stmt"/>
        <line num="10" count="1" type="stmt"/>
      </file>
    </package>
    <package name="src.support">
      <metrics statements="2" coveredstatements="2" conditionals="0" coveredconditionals="0" methods="1" coveredmethods="1"/>
      <file name="Setup.ts" path="C:\Users\ThuanDV\Desktop\Trainning\react-training\movie-app\src\support\Setup.ts">
        <metrics statements="2" coveredstatements="2" conditionals="0" coveredconditionals="0" methods="1" coveredmethods="1"/>
        <line num="5" count="10" type="stmt"/>
        <line num="6" count="21" type="stmt"/>
      </file>
    </package>
    <package name="src.utils">
      <metrics statements="46" coveredstatements="45" conditionals="20" coveredconditionals="19" methods="11" coveredmethods="11"/>
      <file name="index.ts" path="C:\Users\ThuanDV\Desktop\Trainning\react-training\movie-app\src\utils\index.ts">
        <metrics statements="46" coveredstatements="45" conditionals="20" coveredconditionals="19" methods="11" coveredmethods="11"/>
        <line num="9" count="10" type="stmt"/>
        <line num="15" count="2" type="stmt"/>
        <line num="18" count="10" type="stmt"/>
        <line num="19" count="2" type="stmt"/>
        <line num="22" count="10" type="stmt"/>
        <line num="23" count="2" type="stmt"/>
        <line num="26" count="10" type="stmt"/>
        <line num="27" count="2" type="stmt"/>
        <line num="30" count="10" type="stmt"/>
        <line num="31" count="7" type="stmt"/>
        <line num="34" count="10" type="stmt"/>
        <line num="35" count="23" type="cond" truecount="4" falsecount="0"/>
        <line num="36" count="21" type="stmt"/>
        <line num="38" count="2" type="stmt"/>
        <line num="41" count="10" type="stmt"/>
        <line num="42" count="1" type="stmt"/>
        <line num="48" count="1" type="stmt"/>
        <line num="50" count="1" type="stmt"/>
        <line num="52" count="1" type="cond" truecount="1" falsecount="1"/>
        <line num="53" count="0" type="stmt"/>
        <line num="57" count="10" type="stmt"/>
        <line num="58" count="15" type="cond" truecount="5" falsecount="0"/>
        <line num="60" count="1" type="stmt"/>
        <line num="62" count="1" type="stmt"/>
        <line num="64" count="1" type="stmt"/>
        <line num="66" count="1" type="stmt"/>
        <line num="68" count="11" type="stmt"/>
        <line num="72" count="10" type="stmt"/>
        <line num="86" count="5" type="cond" truecount="5" falsecount="0"/>
        <line num="88" count="1" type="stmt"/>
        <line num="89" count="1" type="stmt"/>
        <line num="91" count="1" type="stmt"/>
        <line num="92" count="1" type="stmt"/>
        <line num="94" count="1" type="stmt"/>
        <line num="95" count="1" type="stmt"/>
        <line num="97" count="1" type="stmt"/>
        <line num="98" count="1" type="stmt"/>
        <line num="100" count="1" type="stmt"/>
        <line num="101" count="1" type="stmt"/>
        <line num="104" count="5" type="stmt"/>
        <line num="106" count="5" type="cond" truecount="2" falsecount="0"/>
        <line num="107" count="4" type="stmt"/>
        <line num="108" count="4" type="stmt"/>
        <line num="112" count="10" type="stmt"/>
        <line num="113" count="1" type="stmt"/>
        <line num="114" count="2" type="cond" truecount="2" falsecount="0"/>
      </file>
    </package>
  </project>
</coverage>
