{"C:\\Users\\ThuanDV\\Desktop\\Trainning\\react-training\\movie-app\\src\\App.tsx": {"path":"C:\\Users\\ThuanDV\\Desktop\\Trainning\\react-training\\movie-app\\src\\App.tsx","statementMap":{"0":{"start":{"line":8,"column":12},"end":{"line":22,"column":1}},"1":{"start":{"line":9,"column":2},"end":{"line":21,"column":4}}},"fnMap":{"0":{"name":"(anonymous_0)","decl":{"start":{"line":8,"column":12},"end":{"line":8,"column":13}},"loc":{"start":{"line":8,"column":18},"end":{"line":22,"column":1}},"line":8}},"branchMap":{},"s":{"0":1,"1":2},"f":{"0":2},"b":{},"_coverageSchema":"1a1c01bbd47fc00a2c39e90264f33305004495a9","hash":"d43e498f6b0c4d55aaa4377ca870f8f361355c00"}
,"C:\\Users\\ThuanDV\\Desktop\\Trainning\\react-training\\movie-app\\src\\components\\Button\\Button.tsx": {"path":"C:\\Users\\ThuanDV\\Desktop\\Trainning\\react-training\\movie-app\\src\\components\\Button\\Button.tsx","statementMap":{"0":{"start":{"line":15,"column":15},"end":{"line":37,"column":1}},"1":{"start":{"line":25,"column":6},"end":{"line":25,"column":11}},"2":{"start":{"line":27,"column":2},"end":{"line":36,"column":4}}},"fnMap":{"0":{"name":"(anonymous_0)","decl":{"start":{"line":15,"column":15},"end":{"line":15,"column":16}},"loc":{"start":{"line":15,"column":47},"end":{"line":37,"column":1}},"line":15}},"branchMap":{},"s":{"0":4,"1":30,"2":30},"f":{"0":30},"b":{},"_coverageSchema":"1a1c01bbd47fc00a2c39e90264f33305004495a9","hash":"8b72c604aac3712bcae06480c4a26df9ce1291bd"}
,"C:\\Users\\ThuanDV\\Desktop\\Trainning\\react-training\\movie-app\\src\\components\\CardMovie\\CardMovie.tsx": {"path":"C:\\Users\\ThuanDV\\Desktop\\Trainning\\react-training\\movie-app\\src\\components\\CardMovie\\CardMovie.tsx","statementMap":{"0":{"start":{"line":14,"column":18},"end":{"line":65,"column":1}},"1":{"start":{"line":15,"column":36},"end":{"line":15,"column":41}},"2":{"start":{"line":17,"column":42},"end":{"line":17,"column":53}},"3":{"start":{"line":19,"column":22},"end":{"line":21,"column":8}},"4":{"start":{"line":20,"column":4},"end":{"line":20,"column":24}},"5":{"start":{"line":23,"column":24},"end":{"line":25,"column":3}},"6":{"start":{"line":24,"column":4},"end":{"line":24,"column":23}},"7":{"start":{"line":27,"column":24},"end":{"line":44,"column":3}},"8":{"start":{"line":28,"column":4},"end":{"line":43,"column":6}},"9":{"start":{"line":32,"column":12},"end":{"line":39,"column":14}},"10":{"start":{"line":46,"column":2},"end":{"line":64,"column":4}}},"fnMap":{"0":{"name":"(anonymous_0)","decl":{"start":{"line":14,"column":18},"end":{"line":14,"column":19}},"loc":{"start":{"line":14,"column":50},"end":{"line":65,"column":1}},"line":14},"1":{"name":"(anonymous_1)","decl":{"start":{"line":19,"column":34},"end":{"line":19,"column":35}},"loc":{"start":{"line":19,"column":50},"end":{"line":21,"column":3}},"line":19},"2":{"name":"(anonymous_2)","decl":{"start":{"line":23,"column":24},"end":{"line":23,"column":25}},"loc":{"start":{"line":23,"column":30},"end":{"line":25,"column":3}},"line":23},"3":{"name":"(anonymous_3)","decl":{"start":{"line":27,"column":24},"end":{"line":27,"column":25}},"loc":{"start":{"line":27,"column":44},"end":{"line":44,"column":3}},"line":27},"4":{"name":"(anonymous_4)","decl":{"start":{"line":31,"column":30},"end":{"line":31,"column":31}},"loc":{"start":{"line":32,"column":12},"end":{"line":39,"column":14}},"line":32}},"branchMap":{"0":{"loc":{"start":{"line":37,"column":21},"end":{"line":37,"column":76}},"type":"cond-expr","locations":[{"start":{"line":37,"column":60},"end":{"line":37,"column":66}},{"start":{"line":37,"column":69},"end":{"line":37,"column":76}}],"line":37},"1":{"loc":{"start":{"line":37,"column":21},"end":{"line":37,"column":57}},"type":"binary-expr","locations":[{"start":{"line":37,"column":21},"end":{"line":37,"column":26}},{"start":{"line":37,"column":30},"end":{"line":37,"column":57}}],"line":37},"2":{"loc":{"start":{"line":61,"column":9},"end":{"line":61,"column":71}},"type":"binary-expr","locations":[{"start":{"line":61,"column":9},"end":{"line":61,"column":34}},{"start":{"line":61,"column":38},"end":{"line":61,"column":71}}],"line":61}},"s":{"0":4,"1":16,"2":16,"3":16,"4":1,"5":16,"6":1,"7":16,"8":1,"9":4,"10":16},"f":{"0":16,"1":1,"2":1,"3":1,"4":4},"b":{"0":[1,3],"1":[4,4],"2":[16,1]},"_coverageSchema":"1a1c01bbd47fc00a2c39e90264f33305004495a9","hash":"a39ef56b74f9c34d52f2fdda942a07478d2ee244"}
,"C:\\Users\\ThuanDV\\Desktop\\Trainning\\react-training\\movie-app\\src\\components\\CardMovie\\ContentCard\\ContentCard.tsx": {"path":"C:\\Users\\ThuanDV\\Desktop\\Trainning\\react-training\\movie-app\\src\\components\\CardMovie\\ContentCard\\ContentCard.tsx","statementMap":{"0":{"start":{"line":13,"column":20},"end":{"line":44,"column":1}},"1":{"start":{"line":14,"column":50},"end":{"line":14,"column":55}},"2":{"start":{"line":16,"column":16},"end":{"line":16,"column":42}},"3":{"start":{"line":18,"column":2},"end":{"line":43,"column":4}}},"fnMap":{"0":{"name":"(anonymous_0)","decl":{"start":{"line":13,"column":20},"end":{"line":13,"column":21}},"loc":{"start":{"line":13,"column":52},"end":{"line":44,"column":1}},"line":13}},"branchMap":{},"s":{"0":5,"1":14,"2":14,"3":14},"f":{"0":14},"b":{},"_coverageSchema":"1a1c01bbd47fc00a2c39e90264f33305004495a9","hash":"96e8645fde38c7dec0ce55ca3e07221836449852"}
,"C:\\Users\\ThuanDV\\Desktop\\Trainning\\react-training\\movie-app\\src\\components\\CardMovie\\ImageCard\\ImageCard.tsx": {"path":"C:\\Users\\ThuanDV\\Desktop\\Trainning\\react-training\\movie-app\\src\\components\\CardMovie\\ImageCard\\ImageCard.tsx","statementMap":{"0":{"start":{"line":14,"column":18},"end":{"line":35,"column":1}},"1":{"start":{"line":15,"column":59},"end":{"line":15,"column":64}},"2":{"start":{"line":17,"column":2},"end":{"line":34,"column":4}}},"fnMap":{"0":{"name":"(anonymous_0)","decl":{"start":{"line":14,"column":18},"end":{"line":14,"column":19}},"loc":{"start":{"line":14,"column":50},"end":{"line":35,"column":1}},"line":14}},"branchMap":{"0":{"loc":{"start":{"line":24,"column":14},"end":{"line":26,"column":25}},"type":"cond-expr","locations":[{"start":{"line":25,"column":18},"end":{"line":25,"column":83}},{"start":{"line":26,"column":18},"end":{"line":26,"column":25}}],"line":24}},"s":{"0":5,"1":15,"2":15},"f":{"0":15},"b":{"0":[14,1]},"_coverageSchema":"1a1c01bbd47fc00a2c39e90264f33305004495a9","hash":"faeca9b56ef3a39b4b35c2f4d95a66d7ded8b007"}
,"C:\\Users\\ThuanDV\\Desktop\\Trainning\\react-training\\movie-app\\src\\components\\Chip\\Chip.tsx": {"path":"C:\\Users\\ThuanDV\\Desktop\\Trainning\\react-training\\movie-app\\src\\components\\Chip\\Chip.tsx","statementMap":{"0":{"start":{"line":10,"column":13},"end":{"line":22,"column":1}},"1":{"start":{"line":11,"column":34},"end":{"line":11,"column":39}},"2":{"start":{"line":13,"column":2},"end":{"line":21,"column":4}}},"fnMap":{"0":{"name":"(anonymous_0)","decl":{"start":{"line":10,"column":13},"end":{"line":10,"column":14}},"loc":{"start":{"line":10,"column":32},"end":{"line":22,"column":1}},"line":10}},"branchMap":{"0":{"loc":{"start":{"line":16,"column":17},"end":{"line":16,"column":71}},"type":"cond-expr","locations":[{"start":{"line":16,"column":33},"end":{"line":16,"column":54}},{"start":{"line":16,"column":57},"end":{"line":16,"column":71}}],"line":16}},"s":{"0":4,"1":86,"2":86},"f":{"0":86},"b":{"0":[1,85]},"_coverageSchema":"1a1c01bbd47fc00a2c39e90264f33305004495a9","hash":"23f45c2eb75d80c94fb6ca1ae6e1c2d7e3f8e94b"}
,"C:\\Users\\ThuanDV\\Desktop\\Trainning\\react-training\\movie-app\\src\\components\\Footer\\Footer.tsx": {"path":"C:\\Users\\ThuanDV\\Desktop\\Trainning\\react-training\\movie-app\\src\\components\\Footer\\Footer.tsx","statementMap":{"0":{"start":{"line":8,"column":15},"end":{"line":44,"column":1}},"1":{"start":{"line":9,"column":26},"end":{"line":20,"column":3}},"2":{"start":{"line":10,"column":4},"end":{"line":19,"column":6}},"3":{"start":{"line":13,"column":10},"end":{"line":16,"column":16}},"4":{"start":{"line":22,"column":29},"end":{"line":32,"column":3}},"5":{"start":{"line":23,"column":4},"end":{"line":31,"column":6}},"6":{"start":{"line":26,"column":10},"end":{"line":28,"column":17}},"7":{"start":{"line":34,"column":2},"end":{"line":43,"column":4}}},"fnMap":{"0":{"name":"(anonymous_0)","decl":{"start":{"line":8,"column":15},"end":{"line":8,"column":16}},"loc":{"start":{"line":8,"column":34},"end":{"line":44,"column":1}},"line":8},"1":{"name":"(anonymous_1)","decl":{"start":{"line":9,"column":26},"end":{"line":9,"column":27}},"loc":{"start":{"line":9,"column":63},"end":{"line":20,"column":3}},"line":9},"2":{"name":"(anonymous_2)","decl":{"start":{"line":12,"column":21},"end":{"line":12,"column":22}},"loc":{"start":{"line":13,"column":10},"end":{"line":16,"column":16}},"line":13},"3":{"name":"(anonymous_3)","decl":{"start":{"line":22,"column":29},"end":{"line":22,"column":30}},"loc":{"start":{"line":22,"column":54},"end":{"line":32,"column":3}},"line":22},"4":{"name":"(anonymous_4)","decl":{"start":{"line":25,"column":24},"end":{"line":25,"column":25}},"loc":{"start":{"line":26,"column":10},"end":{"line":28,"column":17}},"line":26}},"branchMap":{},"s":{"0":2,"1":2,"2":2,"3":8,"4":2,"5":8,"6":30,"7":2},"f":{"0":2,"1":2,"2":8,"3":8,"4":30},"b":{},"_coverageSchema":"1a1c01bbd47fc00a2c39e90264f33305004495a9","hash":"2b454b4cd0d1eb5dee53ea04b1884af82b7a8363"}
,"C:\\Users\\ThuanDV\\Desktop\\Trainning\\react-training\\movie-app\\src\\components\\Header\\Header.tsx": {"path":"C:\\Users\\ThuanDV\\Desktop\\Trainning\\react-training\\movie-app\\src\\components\\Header\\Header.tsx","statementMap":{"0":{"start":{"line":7,"column":15},"end":{"line":18,"column":1}},"1":{"start":{"line":8,"column":2},"end":{"line":17,"column":4}}},"fnMap":{"0":{"name":"(anonymous_0)","decl":{"start":{"line":7,"column":15},"end":{"line":7,"column":16}},"loc":{"start":{"line":7,"column":34},"end":{"line":18,"column":1}},"line":7}},"branchMap":{},"s":{"0":2,"1":2},"f":{"0":2},"b":{},"_coverageSchema":"1a1c01bbd47fc00a2c39e90264f33305004495a9","hash":"6920f62c4288184f7e1af09f35a157c127029f43"}
,"C:\\Users\\ThuanDV\\Desktop\\Trainning\\react-training\\movie-app\\src\\components\\ListMovie\\ListMovie.tsx": {"path":"C:\\Users\\ThuanDV\\Desktop\\Trainning\\react-training\\movie-app\\src\\components\\ListMovie\\ListMovie.tsx","statementMap":{"0":{"start":{"line":27,"column":18},"end":{"line":125,"column":1}},"1":{"start":{"line":40,"column":6},"end":{"line":40,"column":11}},"2":{"start":{"line":42,"column":2},"end":{"line":124,"column":4}},"3":{"start":{"line":59,"column":22},"end":{"line":63,"column":24}},"4":{"start":{"line":93,"column":22},"end":{"line":97,"column":24}},"5":{"start":{"line":95,"column":46},"end":{"line":95,"column":67}}},"fnMap":{"0":{"name":"(anonymous_0)","decl":{"start":{"line":27,"column":18},"end":{"line":27,"column":19}},"loc":{"start":{"line":27,"column":50},"end":{"line":125,"column":1}},"line":27},"1":{"name":"(anonymous_1)","decl":{"start":{"line":58,"column":32},"end":{"line":58,"column":33}},"loc":{"start":{"line":59,"column":22},"end":{"line":63,"column":24}},"line":59},"2":{"name":"(anonymous_2)","decl":{"start":{"line":92,"column":35},"end":{"line":92,"column":36}},"loc":{"start":{"line":93,"column":22},"end":{"line":97,"column":24}},"line":93},"3":{"name":"(anonymous_3)","decl":{"start":{"line":95,"column":40},"end":{"line":95,"column":41}},"loc":{"start":{"line":95,"column":46},"end":{"line":95,"column":67}},"line":95}},"branchMap":{"0":{"loc":{"start":{"line":91,"column":19},"end":{"line":103,"column":19}},"type":"cond-expr","locations":[{"start":{"line":92,"column":20},"end":{"line":98,"column":22}},{"start":{"line":100,"column":20},"end":{"line":102,"column":27}}],"line":91}},"s":{"0":3,"1":13,"2":13,"3":101,"4":12,"5":0},"f":{"0":13,"1":101,"2":12,"3":0},"b":{"0":[7,6]},"_coverageSchema":"1a1c01bbd47fc00a2c39e90264f33305004495a9","hash":"26622b2bb54eb88ae96c77ef70e865ae1f3fd60e"}
,"C:\\Users\\ThuanDV\\Desktop\\Trainning\\react-training\\movie-app\\src\\components\\Menu\\Menu.tsx": {"path":"C:\\Users\\ThuanDV\\Desktop\\Trainning\\react-training\\movie-app\\src\\components\\Menu\\Menu.tsx","statementMap":{"0":{"start":{"line":9,"column":13},"end":{"line":24,"column":1}},"1":{"start":{"line":10,"column":30},"end":{"line":10,"column":35}},"2":{"start":{"line":12,"column":2},"end":{"line":23,"column":4}}},"fnMap":{"0":{"name":"(anonymous_0)","decl":{"start":{"line":9,"column":13},"end":{"line":9,"column":14}},"loc":{"start":{"line":9,"column":45},"end":{"line":24,"column":1}},"line":9}},"branchMap":{},"s":{"0":4,"1":28,"2":28},"f":{"0":28},"b":{},"_coverageSchema":"1a1c01bbd47fc00a2c39e90264f33305004495a9","hash":"ed7bb779d5f6ee2ab7357885febbfe8424b9f20a"}
,"C:\\Users\\ThuanDV\\Desktop\\Trainning\\react-training\\movie-app\\src\\components\\Movie\\Movie.tsx": {"path":"C:\\Users\\ThuanDV\\Desktop\\Trainning\\react-training\\movie-app\\src\\components\\Movie\\Movie.tsx","statementMap":{"0":{"start":{"line":9,"column":14},"end":{"line":35,"column":1}},"1":{"start":{"line":10,"column":20},"end":{"line":10,"column":25}},"2":{"start":{"line":12,"column":2},"end":{"line":34,"column":4}}},"fnMap":{"0":{"name":"(anonymous_0)","decl":{"start":{"line":9,"column":14},"end":{"line":9,"column":15}},"loc":{"start":{"line":9,"column":46},"end":{"line":35,"column":1}},"line":9}},"branchMap":{},"s":{"0":3,"1":3,"2":3},"f":{"0":3},"b":{},"_coverageSchema":"1a1c01bbd47fc00a2c39e90264f33305004495a9","hash":"6d6932ac0ff4f9dfd165e9559581a912c6bbadec"}
,"C:\\Users\\ThuanDV\\Desktop\\Trainning\\react-training\\movie-app\\src\\components\\Movie\\ContentMovie\\ContentMovie.tsx": {"path":"C:\\Users\\ThuanDV\\Desktop\\Trainning\\react-training\\movie-app\\src\\components\\Movie\\ContentMovie\\ContentMovie.tsx","statementMap":{"0":{"start":{"line":18,"column":21},"end":{"line":56,"column":1}},"1":{"start":{"line":28,"column":6},"end":{"line":28,"column":11}},"2":{"start":{"line":30,"column":2},"end":{"line":55,"column":4}}},"fnMap":{"0":{"name":"(anonymous_0)","decl":{"start":{"line":18,"column":21},"end":{"line":18,"column":22}},"loc":{"start":{"line":18,"column":53},"end":{"line":56,"column":1}},"line":18}},"branchMap":{"0":{"loc":{"start":{"line":37,"column":14},"end":{"line":39,"column":25}},"type":"cond-expr","locations":[{"start":{"line":38,"column":18},"end":{"line":38,"column":84}},{"start":{"line":39,"column":18},"end":{"line":39,"column":25}}],"line":37}},"s":{"0":4,"1":5,"2":5},"f":{"0":5},"b":{"0":[3,2]},"_coverageSchema":"1a1c01bbd47fc00a2c39e90264f33305004495a9","hash":"376f9527522e94650a99eb3ce6be3d35b11d69f8"}
,"C:\\Users\\ThuanDV\\Desktop\\Trainning\\react-training\\movie-app\\src\\components\\Movie\\ContentMovie\\InfoMovie\\InfoMovie.tsx": {"path":"C:\\Users\\ThuanDV\\Desktop\\Trainning\\react-training\\movie-app\\src\\components\\Movie\\ContentMovie\\InfoMovie\\InfoMovie.tsx","statementMap":{"0":{"start":{"line":17,"column":18},"end":{"line":85,"column":1}},"1":{"start":{"line":18,"column":78},"end":{"line":18,"column":83}},"2":{"start":{"line":19,"column":15},"end":{"line":19,"column":45}},"3":{"start":{"line":20,"column":16},"end":{"line":20,"column":47}},"4":{"start":{"line":22,"column":2},"end":{"line":84,"column":4}},"5":{"start":{"line":37,"column":16},"end":{"line":39,"column":20}},"6":{"start":{"line":67,"column":12},"end":{"line":73,"column":22}}},"fnMap":{"0":{"name":"(anonymous_0)","decl":{"start":{"line":17,"column":18},"end":{"line":17,"column":19}},"loc":{"start":{"line":17,"column":50},"end":{"line":85,"column":1}},"line":17},"1":{"name":"(anonymous_1)","decl":{"start":{"line":36,"column":27},"end":{"line":36,"column":28}},"loc":{"start":{"line":37,"column":16},"end":{"line":39,"column":20}},"line":37},"2":{"name":"(anonymous_2)","decl":{"start":{"line":66,"column":23},"end":{"line":66,"column":24}},"loc":{"start":{"line":67,"column":12},"end":{"line":73,"column":22}},"line":67}},"branchMap":{},"s":{"0":5,"1":7,"2":7,"3":7,"4":7,"5":4,"6":28},"f":{"0":7,"1":4,"2":28},"b":{},"_coverageSchema":"1a1c01bbd47fc00a2c39e90264f33305004495a9","hash":"f8406d5b6ce290c5701cff7af762cbde949b21b0"}
,"C:\\Users\\ThuanDV\\Desktop\\Trainning\\react-training\\movie-app\\src\\components\\Navbar\\Navbar.tsx": {"path":"C:\\Users\\ThuanDV\\Desktop\\Trainning\\react-training\\movie-app\\src\\components\\Navbar\\Navbar.tsx","statementMap":{"0":{"start":{"line":10,"column":15},"end":{"line":28,"column":1}},"1":{"start":{"line":11,"column":22},"end":{"line":11,"column":27}},"2":{"start":{"line":12,"column":2},"end":{"line":27,"column":4}},"3":{"start":{"line":17,"column":12},"end":{"line":22,"column":17}}},"fnMap":{"0":{"name":"(anonymous_0)","decl":{"start":{"line":10,"column":15},"end":{"line":10,"column":16}},"loc":{"start":{"line":10,"column":47},"end":{"line":28,"column":1}},"line":10},"1":{"name":"(anonymous_1)","decl":{"start":{"line":16,"column":23},"end":{"line":16,"column":24}},"loc":{"start":{"line":17,"column":12},"end":{"line":22,"column":17}},"line":17}},"branchMap":{"0":{"loc":{"start":{"line":21,"column":15},"end":{"line":21,"column":72}},"type":"binary-expr","locations":[{"start":{"line":21,"column":15},"end":{"line":21,"column":36}},{"start":{"line":21,"column":40},"end":{"line":21,"column":72}}],"line":21}},"s":{"0":3,"1":4,"2":4,"3":6},"f":{"0":4,"1":6},"b":{"0":[6,2]},"_coverageSchema":"1a1c01bbd47fc00a2c39e90264f33305004495a9","hash":"b7503cb76b8ef74b6c7bfe587c5860eab652d372"}
,"C:\\Users\\ThuanDV\\Desktop\\Trainning\\react-training\\movie-app\\src\\components\\Navbar\\NavItem\\NavItem.tsx": {"path":"C:\\Users\\ThuanDV\\Desktop\\Trainning\\react-training\\movie-app\\src\\components\\Navbar\\NavItem\\NavItem.tsx","statementMap":{"0":{"start":{"line":8,"column":16},"end":{"line":25,"column":1}},"1":{"start":{"line":9,"column":22},"end":{"line":9,"column":27}},"2":{"start":{"line":11,"column":2},"end":{"line":24,"column":4}},"3":{"start":{"line":14,"column":8},"end":{"line":21,"column":15}}},"fnMap":{"0":{"name":"(anonymous_0)","decl":{"start":{"line":8,"column":16},"end":{"line":8,"column":17}},"loc":{"start":{"line":8,"column":48},"end":{"line":25,"column":1}},"line":8},"1":{"name":"(anonymous_1)","decl":{"start":{"line":13,"column":19},"end":{"line":13,"column":20}},"loc":{"start":{"line":14,"column":8},"end":{"line":21,"column":15}},"line":14}},"branchMap":{},"s":{"0":4,"1":4,"2":4,"3":10},"f":{"0":4,"1":10},"b":{},"_coverageSchema":"1a1c01bbd47fc00a2c39e90264f33305004495a9","hash":"9c84fe4d8e2336790116e353f967a64bff8cbb45"}
,"C:\\Users\\ThuanDV\\Desktop\\Trainning\\react-training\\movie-app\\src\\components\\Optional\\Optional.tsx": {"path":"C:\\Users\\ThuanDV\\Desktop\\Trainning\\react-training\\movie-app\\src\\components\\Optional\\Optional.tsx","statementMap":{"0":{"start":{"line":8,"column":17},"end":{"line":15,"column":1}},"1":{"start":{"line":9,"column":32},"end":{"line":9,"column":37}},"2":{"start":{"line":10,"column":2},"end":{"line":14,"column":4}},"3":{"start":{"line":11,"column":43},"end":{"line":11,"column":60}}},"fnMap":{"0":{"name":"(anonymous_0)","decl":{"start":{"line":8,"column":17},"end":{"line":8,"column":18}},"loc":{"start":{"line":8,"column":49},"end":{"line":15,"column":1}},"line":8},"1":{"name":"(anonymous_1)","decl":{"start":{"line":11,"column":37},"end":{"line":11,"column":38}},"loc":{"start":{"line":11,"column":43},"end":{"line":11,"column":60}},"line":11}},"branchMap":{},"s":{"0":6,"1":17,"2":17,"3":2},"f":{"0":17,"1":2},"b":{},"_coverageSchema":"1a1c01bbd47fc00a2c39e90264f33305004495a9","hash":"c45c3c20fac0add2fcedeed4c9a760ccd40718d1"}
,"C:\\Users\\ThuanDV\\Desktop\\Trainning\\react-training\\movie-app\\src\\components\\Popup\\Popup.tsx": {"path":"C:\\Users\\ThuanDV\\Desktop\\Trainning\\react-training\\movie-app\\src\\components\\Popup\\Popup.tsx","statementMap":{"0":{"start":{"line":12,"column":14},"end":{"line":23,"column":1}},"1":{"start":{"line":13,"column":52},"end":{"line":13,"column":57}},"2":{"start":{"line":15,"column":2},"end":{"line":22,"column":4}}},"fnMap":{"0":{"name":"(anonymous_0)","decl":{"start":{"line":12,"column":14},"end":{"line":12,"column":15}},"loc":{"start":{"line":12,"column":46},"end":{"line":23,"column":1}},"line":12}},"branchMap":{},"s":{"0":5,"1":7,"2":7},"f":{"0":7},"b":{},"_coverageSchema":"1a1c01bbd47fc00a2c39e90264f33305004495a9","hash":"2096ae8827e381432b5497cd089bc796d3316120"}
,"C:\\Users\\ThuanDV\\Desktop\\Trainning\\react-training\\movie-app\\src\\components\\RangerSlider\\RangerSlider.tsx": {"path":"C:\\Users\\ThuanDV\\Desktop\\Trainning\\react-training\\movie-app\\src\\components\\RangerSlider\\RangerSlider.tsx","statementMap":{"0":{"start":{"line":13,"column":21},"end":{"line":37,"column":1}},"1":{"start":{"line":14,"column":75},"end":{"line":14,"column":80}},"2":{"start":{"line":15,"column":28},"end":{"line":15,"column":48}},"3":{"start":{"line":17,"column":25},"end":{"line":20,"column":3}},"4":{"start":{"line":18,"column":4},"end":{"line":18,"column":31}},"5":{"start":{"line":19,"column":4},"end":{"line":19,"column":37}},"6":{"start":{"line":22,"column":2},"end":{"line":36,"column":4}}},"fnMap":{"0":{"name":"(anonymous_0)","decl":{"start":{"line":13,"column":21},"end":{"line":13,"column":22}},"loc":{"start":{"line":13,"column":53},"end":{"line":37,"column":1}},"line":13},"1":{"name":"(anonymous_1)","decl":{"start":{"line":17,"column":25},"end":{"line":17,"column":26}},"loc":{"start":{"line":17,"column":63},"end":{"line":20,"column":3}},"line":17}},"branchMap":{"0":{"loc":{"start":{"line":24,"column":7},"end":{"line":24,"column":32}},"type":"binary-expr","locations":[{"start":{"line":24,"column":7},"end":{"line":24,"column":12}},{"start":{"line":24,"column":16},"end":{"line":24,"column":32}}],"line":24}},"s":{"0":4,"1":18,"2":18,"3":18,"4":2,"5":2,"6":18},"f":{"0":18,"1":2},"b":{"0":[18,18]},"_coverageSchema":"1a1c01bbd47fc00a2c39e90264f33305004495a9","hash":"17ed407827a44b1f555ea758e358eab1f7899ba2"}
,"C:\\Users\\ThuanDV\\Desktop\\Trainning\\react-training\\movie-app\\src\\components\\Select\\Select.tsx": {"path":"C:\\Users\\ThuanDV\\Desktop\\Trainning\\react-training\\movie-app\\src\\components\\Select\\Select.tsx","statementMap":{"0":{"start":{"line":8,"column":15},"end":{"line":53,"column":1}},"1":{"start":{"line":9,"column":27},"end":{"line":9,"column":32}},"2":{"start":{"line":10,"column":34},"end":{"line":10,"column":49}},"3":{"start":{"line":11,"column":40},"end":{"line":11,"column":73}},"4":{"start":{"line":13,"column":29},"end":{"line":15,"column":3}},"5":{"start":{"line":14,"column":4},"end":{"line":14,"column":27}},"6":{"start":{"line":17,"column":25},"end":{"line":21,"column":3}},"7":{"start":{"line":18,"column":4},"end":{"line":18,"column":26}},"8":{"start":{"line":19,"column":4},"end":{"line":19,"column":27}},"9":{"start":{"line":20,"column":4},"end":{"line":20,"column":25}},"10":{"start":{"line":24,"column":4},"end":{"line":37,"column":10}},"11":{"start":{"line":27,"column":10},"end":{"line":34,"column":15}},"12":{"start":{"line":31,"column":27},"end":{"line":31,"column":67}},"13":{"start":{"line":40,"column":2},"end":{"line":52,"column":4}}},"fnMap":{"0":{"name":"(anonymous_0)","decl":{"start":{"line":8,"column":15},"end":{"line":8,"column":16}},"loc":{"start":{"line":8,"column":47},"end":{"line":53,"column":1}},"line":8},"1":{"name":"(anonymous_1)","decl":{"start":{"line":13,"column":29},"end":{"line":13,"column":30}},"loc":{"start":{"line":13,"column":35},"end":{"line":15,"column":3}},"line":13},"2":{"name":"(anonymous_2)","decl":{"start":{"line":17,"column":25},"end":{"line":17,"column":26}},"loc":{"start":{"line":17,"column":60},"end":{"line":21,"column":3}},"line":17},"3":{"name":"(anonymous_3)","decl":{"start":{"line":26,"column":28},"end":{"line":26,"column":29}},"loc":{"start":{"line":27,"column":10},"end":{"line":34,"column":15}},"line":27},"4":{"name":"(anonymous_4)","decl":{"start":{"line":31,"column":21},"end":{"line":31,"column":22}},"loc":{"start":{"line":31,"column":27},"end":{"line":31,"column":67}},"line":31}},"branchMap":{"0":{"loc":{"start":{"line":50,"column":7},"end":{"line":50,"column":40}},"type":"cond-expr","locations":[{"start":{"line":50,"column":18},"end":{"line":50,"column":35}},{"start":{"line":50,"column":38},"end":{"line":50,"column":40}}],"line":50}},"s":{"0":4,"1":20,"2":20,"3":20,"4":20,"5":2,"6":20,"7":1,"8":1,"9":1,"10":20,"11":160,"12":1,"13":20},"f":{"0":20,"1":2,"2":1,"3":160,"4":1},"b":{"0":[2,18]},"_coverageSchema":"1a1c01bbd47fc00a2c39e90264f33305004495a9","hash":"b638c89c22ecc504bb3f78823abc312cc0560c70"}
,"C:\\Users\\ThuanDV\\Desktop\\Trainning\\react-training\\movie-app\\src\\components\\Tooltip\\Tooltip.tsx": {"path":"C:\\Users\\ThuanDV\\Desktop\\Trainning\\react-training\\movie-app\\src\\components\\Tooltip\\Tooltip.tsx","statementMap":{"0":{"start":{"line":9,"column":16},"end":{"line":17,"column":1}},"1":{"start":{"line":10,"column":29},"end":{"line":10,"column":34}},"2":{"start":{"line":11,"column":2},"end":{"line":16,"column":4}}},"fnMap":{"0":{"name":"(anonymous_0)","decl":{"start":{"line":9,"column":16},"end":{"line":9,"column":17}},"loc":{"start":{"line":9,"column":48},"end":{"line":17,"column":1}},"line":9}},"branchMap":{},"s":{"0":6,"1":30,"2":30},"f":{"0":30},"b":{},"_coverageSchema":"1a1c01bbd47fc00a2c39e90264f33305004495a9","hash":"5a5e64d624697d2c737712e78ca67f146f6e4a40"}
,"C:\\Users\\ThuanDV\\Desktop\\Trainning\\react-training\\movie-app\\src\\helper\\index.ts": {"path":"C:\\Users\\ThuanDV\\Desktop\\Trainning\\react-training\\movie-app\\src\\helper\\index.ts","statementMap":{"0":{"start":{"line":8,"column":24},"end":{"line":21,"column":1}},"1":{"start":{"line":9,"column":2},"end":{"line":11,"column":3}},"2":{"start":{"line":10,"column":4},"end":{"line":10,"column":14}},"3":{"start":{"line":13,"column":27},"end":{"line":18,"column":4}},"4":{"start":{"line":14,"column":4},"end":{"line":17,"column":6}},"5":{"start":{"line":16,"column":48},"end":{"line":16,"column":71}},"6":{"start":{"line":20,"column":2},"end":{"line":20,"column":26}},"7":{"start":{"line":23,"column":16},"end":{"line":30,"column":1}},"8":{"start":{"line":24,"column":19},"end":{"line":24,"column":35}},"9":{"start":{"line":25,"column":23},"end":{"line":25,"column":44}},"10":{"start":{"line":27,"column":2},"end":{"line":29,"column":3}},"11":{"start":{"line":28,"column":4},"end":{"line":28,"column":24}},"12":{"start":{"line":32,"column":19},"end":{"line":34,"column":1}},"13":{"start":{"line":33,"column":2},"end":{"line":33,"column":54}},"14":{"start":{"line":33,"column":39},"end":{"line":33,"column":51}},"15":{"start":{"line":36,"column":17},"end":{"line":43,"column":1}},"16":{"start":{"line":37,"column":26},"end":{"line":37,"column":46}},"17":{"start":{"line":39,"column":2},"end":{"line":41,"column":3}},"18":{"start":{"line":40,"column":4},"end":{"line":40,"column":28}},"19":{"start":{"line":42,"column":2},"end":{"line":42,"column":14}},"20":{"start":{"line":45,"column":22},"end":{"line":51,"column":1}},"21":{"start":{"line":46,"column":26},"end":{"line":46,"column":50}},"22":{"start":{"line":48,"column":2},"end":{"line":50,"column":3}},"23":{"start":{"line":49,"column":4},"end":{"line":49,"column":16}},"24":{"start":{"line":53,"column":29},"end":{"line":58,"column":1}},"25":{"start":{"line":54,"column":13},"end":{"line":54,"column":37}},"26":{"start":{"line":55,"column":15},"end":{"line":55,"column":27}},"27":{"start":{"line":57,"column":2},"end":{"line":57,"column":36}}},"fnMap":{"0":{"name":"(anonymous_0)","decl":{"start":{"line":8,"column":24},"end":{"line":8,"column":25}},"loc":{"start":{"line":8,"column":68},"end":{"line":21,"column":1}},"line":8},"1":{"name":"(anonymous_1)","decl":{"start":{"line":13,"column":39},"end":{"line":13,"column":40}},"loc":{"start":{"line":13,"column":49},"end":{"line":18,"column":3}},"line":13},"2":{"name":"(anonymous_2)","decl":{"start":{"line":16,"column":34},"end":{"line":16,"column":35}},"loc":{"start":{"line":16,"column":48},"end":{"line":16,"column":71}},"line":16},"3":{"name":"(anonymous_3)","decl":{"start":{"line":23,"column":16},"end":{"line":23,"column":17}},"loc":{"start":{"line":23,"column":39},"end":{"line":30,"column":1}},"line":23},"4":{"name":"(anonymous_4)","decl":{"start":{"line":32,"column":19},"end":{"line":32,"column":20}},"loc":{"start":{"line":32,"column":42},"end":{"line":34,"column":1}},"line":32},"5":{"name":"(anonymous_5)","decl":{"start":{"line":33,"column":30},"end":{"line":33,"column":31}},"loc":{"start":{"line":33,"column":39},"end":{"line":33,"column":51}},"line":33},"6":{"name":"(anonymous_6)","decl":{"start":{"line":36,"column":17},"end":{"line":36,"column":18}},"loc":{"start":{"line":36,"column":34},"end":{"line":43,"column":1}},"line":36},"7":{"name":"(anonymous_7)","decl":{"start":{"line":45,"column":22},"end":{"line":45,"column":23}},"loc":{"start":{"line":45,"column":42},"end":{"line":51,"column":1}},"line":45},"8":{"name":"(anonymous_8)","decl":{"start":{"line":53,"column":29},"end":{"line":53,"column":30}},"loc":{"start":{"line":53,"column":50},"end":{"line":58,"column":1}},"line":53}},"branchMap":{"0":{"loc":{"start":{"line":9,"column":2},"end":{"line":11,"column":3}},"type":"if","locations":[{"start":{"line":9,"column":2},"end":{"line":11,"column":3}},{"start":{},"end":{}}],"line":9},"1":{"loc":{"start":{"line":9,"column":6},"end":{"line":9,"column":26}},"type":"binary-expr","locations":[{"start":{"line":9,"column":6},"end":{"line":9,"column":14}},{"start":{"line":9,"column":18},"end":{"line":9,"column":26}}],"line":9},"2":{"loc":{"start":{"line":27,"column":2},"end":{"line":29,"column":3}},"type":"if","locations":[{"start":{"line":27,"column":2},"end":{"line":29,"column":3}},{"start":{},"end":{}}],"line":27},"3":{"loc":{"start":{"line":39,"column":2},"end":{"line":41,"column":3}},"type":"if","locations":[{"start":{"line":39,"column":2},"end":{"line":41,"column":3}},{"start":{},"end":{}}],"line":39},"4":{"loc":{"start":{"line":48,"column":2},"end":{"line":50,"column":3}},"type":"if","locations":[{"start":{"line":48,"column":2},"end":{"line":50,"column":3}},{"start":{},"end":{}}],"line":48}},"s":{"0":11,"1":2,"2":1,"3":1,"4":2,"5":2,"6":1,"7":11,"8":6,"9":6,"10":1,"11":1,"12":11,"13":1,"14":2,"15":11,"16":3,"17":3,"18":1,"19":2,"20":11,"21":1,"22":1,"23":1,"24":11,"25":8,"26":8,"27":8},"f":{"0":2,"1":2,"2":2,"3":6,"4":1,"5":2,"6":3,"7":1,"8":8},"b":{"0":[1,1],"1":[2,1],"2":[1,0],"3":[1,2],"4":[1,0]},"_coverageSchema":"1a1c01bbd47fc00a2c39e90264f33305004495a9","hash":"b6d7eb68b83d747c0f08caaa340130282048bb75"}
,"C:\\Users\\ThuanDV\\Desktop\\Trainning\\react-training\\movie-app\\src\\pages\\ListMoviePage.tsx": {"path":"C:\\Users\\ThuanDV\\Desktop\\Trainning\\react-training\\movie-app\\src\\pages\\ListMoviePage.tsx","statementMap":{"0":{"start":{"line":18,"column":29},"end":{"line":31,"column":1}},"1":{"start":{"line":19,"column":2},"end":{"line":30,"column":3}},"2":{"start":{"line":21,"column":6},"end":{"line":21,"column":35}},"3":{"start":{"line":23,"column":6},"end":{"line":23,"column":32}},"4":{"start":{"line":25,"column":6},"end":{"line":25,"column":33}},"5":{"start":{"line":27,"column":6},"end":{"line":27,"column":32}},"6":{"start":{"line":29,"column":6},"end":{"line":29,"column":31}},"7":{"start":{"line":33,"column":22},"end":{"line":195,"column":1}},"8":{"start":{"line":34,"column":44},"end":{"line":34,"column":83}},"9":{"start":{"line":35,"column":12},"end":{"line":35,"column":49}},"10":{"start":{"line":36,"column":24},"end":{"line":36,"column":64}},"11":{"start":{"line":37,"column":24},"end":{"line":37,"column":44}},"12":{"start":{"line":38,"column":30},"end":{"line":38,"column":56}},"13":{"start":{"line":39,"column":28},"end":{"line":39,"column":49}},"14":{"start":{"line":40,"column":36},"end":{"line":40,"column":55}},"15":{"start":{"line":41,"column":26},"end":{"line":41,"column":61}},"16":{"start":{"line":42,"column":30},"end":{"line":42,"column":52}},"17":{"start":{"line":43,"column":28},"end":{"line":43,"column":48}},"18":{"start":{"line":44,"column":28},"end":{"line":44,"column":47}},"19":{"start":{"line":45,"column":26},"end":{"line":45,"column":31}},"20":{"start":{"line":46,"column":24},"end":{"line":46,"column":29}},"21":{"start":{"line":48,"column":2},"end":{"line":66,"column":48}},"22":{"start":{"line":49,"column":4},"end":{"line":57,"column":5}},"23":{"start":{"line":50,"column":23},"end":{"line":53,"column":7}},"24":{"start":{"line":55,"column":6},"end":{"line":55,"column":26}},"25":{"start":{"line":56,"column":6},"end":{"line":56,"column":50}},"26":{"start":{"line":59,"column":4},"end":{"line":65,"column":5}},"27":{"start":{"line":60,"column":32},"end":{"line":62,"column":8}},"28":{"start":{"line":61,"column":8},"end":{"line":61,"column":42}},"29":{"start":{"line":64,"column":6},"end":{"line":64,"column":25}},"30":{"start":{"line":68,"column":29},"end":{"line":97,"column":3}},"31":{"start":{"line":70,"column":21},"end":{"line":70,"column":70}},"32":{"start":{"line":72,"column":6},"end":{"line":94,"column":7}},"33":{"start":{"line":73,"column":26},"end":{"line":77,"column":10}},"34":{"start":{"line":74,"column":10},"end":{"line":76,"column":24}},"35":{"start":{"line":79,"column":8},"end":{"line":85,"column":9}},"36":{"start":{"line":80,"column":10},"end":{"line":84,"column":12}},"37":{"start":{"line":82,"column":14},"end":{"line":82,"column":48}},"38":{"start":{"line":87,"column":8},"end":{"line":93,"column":10}},"39":{"start":{"line":89,"column":12},"end":{"line":91,"column":26}},"40":{"start":{"line":99,"column":25},"end":{"line":114,"column":3}},"41":{"start":{"line":100,"column":17},"end":{"line":100,"column":26}},"42":{"start":{"line":102,"column":21},"end":{"line":108,"column":6}},"43":{"start":{"line":110,"column":4},"end":{"line":113,"column":5}},"44":{"start":{"line":111,"column":6},"end":{"line":111,"column":42}},"45":{"start":{"line":112,"column":6},"end":{"line":112,"column":21}},"46":{"start":{"line":121,"column":26},"end":{"line":135,"column":3}},"47":{"start":{"line":122,"column":21},"end":{"line":128,"column":6}},"48":{"start":{"line":130,"column":4},"end":{"line":134,"column":5}},"49":{"start":{"line":131,"column":6},"end":{"line":131,"column":31}},"50":{"start":{"line":132,"column":6},"end":{"line":132,"column":22}},"51":{"start":{"line":133,"column":6},"end":{"line":133,"column":18}},"52":{"start":{"line":137,"column":29},"end":{"line":153,"column":3}},"53":{"start":{"line":139,"column":23},"end":{"line":139,"column":52}},"54":{"start":{"line":140,"column":22},"end":{"line":140,"column":60}},"55":{"start":{"line":140,"column":43},"end":{"line":140,"column":59}},"56":{"start":{"line":142,"column":6},"end":{"line":147,"column":7}},"57":{"start":{"line":143,"column":26},"end":{"line":143,"column":66}},"58":{"start":{"line":143,"column":49},"end":{"line":143,"column":65}},"59":{"start":{"line":144,"column":8},"end":{"line":144,"column":29}},"60":{"start":{"line":146,"column":8},"end":{"line":146,"column":41}},"61":{"start":{"line":149,"column":23},"end":{"line":149,"column":50}},"62":{"start":{"line":150,"column":6},"end":{"line":150,"column":25}},"63":{"start":{"line":155,"column":32},"end":{"line":158,"column":3}},"64":{"start":{"line":156,"column":18},"end":{"line":156,"column":40}},"65":{"start":{"line":157,"column":4},"end":{"line":157,"column":20}},"66":{"start":{"line":160,"column":28},"end":{"line":173,"column":3}},"67":{"start":{"line":161,"column":21},"end":{"line":167,"column":6}},"68":{"start":{"line":169,"column":4},"end":{"line":172,"column":5}},"69":{"start":{"line":170,"column":6},"end":{"line":170,"column":31}},"70":{"start":{"line":171,"column":6},"end":{"line":171,"column":18}},"71":{"start":{"line":176,"column":4},"end":{"line":176,"column":88}},"72":{"start":{"line":178,"column":16},"end":{"line":178,"column":52}},"73":{"start":{"line":180,"column":2},"end":{"line":194,"column":4}}},"fnMap":{"0":{"name":"(anonymous_0)","decl":{"start":{"line":18,"column":29},"end":{"line":18,"column":30}},"loc":{"start":{"line":18,"column":55},"end":{"line":31,"column":1}},"line":18},"1":{"name":"(anonymous_1)","decl":{"start":{"line":33,"column":22},"end":{"line":33,"column":23}},"loc":{"start":{"line":33,"column":41},"end":{"line":195,"column":1}},"line":33},"2":{"name":"(anonymous_2)","decl":{"start":{"line":48,"column":12},"end":{"line":48,"column":13}},"loc":{"start":{"line":48,"column":18},"end":{"line":66,"column":3}},"line":48},"3":{"name":"(anonymous_3)","decl":{"start":{"line":60,"column":58},"end":{"line":60,"column":59}},"loc":{"start":{"line":60,"column":73},"end":{"line":62,"column":7}},"line":60},"4":{"name":"(anonymous_4)","decl":{"start":{"line":69,"column":4},"end":{"line":69,"column":5}},"loc":{"start":{"line":69,"column":33},"end":{"line":95,"column":5}},"line":69},"5":{"name":"(anonymous_5)","decl":{"start":{"line":73,"column":38},"end":{"line":73,"column":39}},"loc":{"start":{"line":73,"column":53},"end":{"line":77,"column":9}},"line":73},"6":{"name":"(anonymous_6)","decl":{"start":{"line":81,"column":29},"end":{"line":81,"column":30}},"loc":{"start":{"line":81,"column":40},"end":{"line":83,"column":13}},"line":81},"7":{"name":"(anonymous_7)","decl":{"start":{"line":88,"column":21},"end":{"line":88,"column":22}},"loc":{"start":{"line":88,"column":36},"end":{"line":92,"column":11}},"line":88},"8":{"name":"(anonymous_8)","decl":{"start":{"line":99,"column":25},"end":{"line":99,"column":26}},"loc":{"start":{"line":99,"column":37},"end":{"line":114,"column":3}},"line":99},"9":{"name":"(anonymous_9)","decl":{"start":{"line":121,"column":26},"end":{"line":121,"column":27}},"loc":{"start":{"line":121,"column":52},"end":{"line":135,"column":3}},"line":121},"10":{"name":"(anonymous_10)","decl":{"start":{"line":138,"column":4},"end":{"line":138,"column":5}},"loc":{"start":{"line":138,"column":42},"end":{"line":151,"column":5}},"line":138},"11":{"name":"(anonymous_11)","decl":{"start":{"line":140,"column":34},"end":{"line":140,"column":35}},"loc":{"start":{"line":140,"column":43},"end":{"line":140,"column":59}},"line":140},"12":{"name":"(anonymous_12)","decl":{"start":{"line":143,"column":40},"end":{"line":143,"column":41}},"loc":{"start":{"line":143,"column":49},"end":{"line":143,"column":65}},"line":143},"13":{"name":"(anonymous_13)","decl":{"start":{"line":155,"column":32},"end":{"line":155,"column":33}},"loc":{"start":{"line":155,"column":70},"end":{"line":158,"column":3}},"line":155},"14":{"name":"(anonymous_14)","decl":{"start":{"line":160,"column":28},"end":{"line":160,"column":29}},"loc":{"start":{"line":160,"column":40},"end":{"line":173,"column":3}},"line":160}},"branchMap":{"0":{"loc":{"start":{"line":19,"column":2},"end":{"line":30,"column":3}},"type":"switch","locations":[{"start":{"line":20,"column":4},"end":{"line":21,"column":35}},{"start":{"line":22,"column":4},"end":{"line":23,"column":32}},{"start":{"line":24,"column":4},"end":{"line":25,"column":33}},{"start":{"line":26,"column":4},"end":{"line":27,"column":32}},{"start":{"line":28,"column":4},"end":{"line":29,"column":31}}],"line":19},"1":{"loc":{"start":{"line":34,"column":10},"end":{"line":34,"column":39}},"type":"default-arg","locations":[{"start":{"line":34,"column":22},"end":{"line":34,"column":39}}],"line":34},"2":{"loc":{"start":{"line":49,"column":4},"end":{"line":57,"column":5}},"type":"if","locations":[{"start":{"line":49,"column":4},"end":{"line":57,"column":5}},{"start":{},"end":{}}],"line":49},"3":{"loc":{"start":{"line":59,"column":4},"end":{"line":65,"column":5}},"type":"if","locations":[{"start":{"line":59,"column":4},"end":{"line":65,"column":5}},{"start":{},"end":{}}],"line":59},"4":{"loc":{"start":{"line":72,"column":6},"end":{"line":94,"column":7}},"type":"if","locations":[{"start":{"line":72,"column":6},"end":{"line":94,"column":7}},{"start":{"line":86,"column":13},"end":{"line":94,"column":7}}],"line":72},"5":{"loc":{"start":{"line":74,"column":17},"end":{"line":76,"column":23}},"type":"cond-expr","locations":[{"start":{"line":75,"column":14},"end":{"line":75,"column":67}},{"start":{"line":76,"column":14},"end":{"line":76,"column":23}}],"line":74},"6":{"loc":{"start":{"line":79,"column":8},"end":{"line":85,"column":9}},"type":"if","locations":[{"start":{"line":79,"column":8},"end":{"line":85,"column":9}},{"start":{},"end":{}}],"line":79},"7":{"loc":{"start":{"line":79,"column":12},"end":{"line":79,"column":40}},"type":"binary-expr","locations":[{"start":{"line":79,"column":12},"end":{"line":79,"column":27}},{"start":{"line":79,"column":31},"end":{"line":79,"column":40}}],"line":79},"8":{"loc":{"start":{"line":89,"column":19},"end":{"line":91,"column":25}},"type":"cond-expr","locations":[{"start":{"line":90,"column":16},"end":{"line":90,"column":69}},{"start":{"line":91,"column":16},"end":{"line":91,"column":25}}],"line":89},"9":{"loc":{"start":{"line":110,"column":4},"end":{"line":113,"column":5}},"type":"if","locations":[{"start":{"line":110,"column":4},"end":{"line":113,"column":5}},{"start":{},"end":{}}],"line":110},"10":{"loc":{"start":{"line":130,"column":4},"end":{"line":134,"column":5}},"type":"if","locations":[{"start":{"line":130,"column":4},"end":{"line":134,"column":5}},{"start":{},"end":{}}],"line":130},"11":{"loc":{"start":{"line":142,"column":6},"end":{"line":147,"column":7}},"type":"if","locations":[{"start":{"line":142,"column":6},"end":{"line":147,"column":7}},{"start":{"line":145,"column":13},"end":{"line":147,"column":7}}],"line":142},"12":{"loc":{"start":{"line":169,"column":4},"end":{"line":172,"column":5}},"type":"if","locations":[{"start":{"line":169,"column":4},"end":{"line":172,"column":5}},{"start":{},"end":{}}],"line":169},"13":{"loc":{"start":{"line":176,"column":4},"end":{"line":176,"column":88}},"type":"cond-expr","locations":[{"start":{"line":176,"column":50},"end":{"line":176,"column":68}},{"start":{"line":176,"column":71},"end":{"line":176,"column":88}}],"line":176},"14":{"loc":{"start":{"line":176,"column":4},"end":{"line":176,"column":47}},"type":"binary-expr","locations":[{"start":{"line":176,"column":4},"end":{"line":176,"column":23}},{"start":{"line":176,"column":27},"end":{"line":176,"column":47}}],"line":176}},"s":{"0":2,"1":15,"2":1,"3":1,"4":1,"5":1,"6":11,"7":2,"8":11,"9":10,"10":10,"11":10,"12":10,"13":10,"14":10,"15":10,"16":10,"17":10,"18":10,"19":10,"20":10,"21":10,"22":5,"23":4,"24":4,"25":4,"26":5,"27":4,"28":76,"29":4,"30":10,"31":0,"32":0,"33":0,"34":0,"35":0,"36":0,"37":0,"38":0,"39":0,"40":10,"41":1,"42":1,"43":1,"44":0,"45":0,"46":10,"47":0,"48":0,"49":0,"50":0,"51":0,"52":10,"53":0,"54":0,"55":0,"56":0,"57":0,"58":0,"59":0,"60":0,"61":0,"62":0,"63":10,"64":1,"65":1,"66":10,"67":0,"68":0,"69":0,"70":0,"71":10,"72":10,"73":10},"f":{"0":15,"1":11,"2":5,"3":76,"4":0,"5":0,"6":0,"7":0,"8":1,"9":0,"10":0,"11":0,"12":0,"13":1,"14":0},"b":{"0":[1,1,1,1,11],"1":[10],"2":[4,1],"3":[4,1],"4":[0,0],"5":[0,0],"6":[0,0],"7":[0,0],"8":[0,0],"9":[0,1],"10":[0,0],"11":[0,0],"12":[0,0],"13":[5,5],"14":[10,5]},"_coverageSchema":"1a1c01bbd47fc00a2c39e90264f33305004495a9","hash":"b5f9858a1fa8bf8cc21d7b0fa2601378fc60686e"}
,"C:\\Users\\ThuanDV\\Desktop\\Trainning\\react-training\\movie-app\\src\\pages\\NotFoundPage.tsx": {"path":"C:\\Users\\ThuanDV\\Desktop\\Trainning\\react-training\\movie-app\\src\\pages\\NotFoundPage.tsx","statementMap":{"0":{"start":{"line":4,"column":21},"end":{"line":29,"column":1}},"1":{"start":{"line":5,"column":2},"end":{"line":28,"column":4}}},"fnMap":{"0":{"name":"(anonymous_0)","decl":{"start":{"line":4,"column":21},"end":{"line":4,"column":22}},"loc":{"start":{"line":4,"column":40},"end":{"line":29,"column":1}},"line":4}},"branchMap":{},"s":{"0":2,"1":1},"f":{"0":1},"b":{},"_coverageSchema":"1a1c01bbd47fc00a2c39e90264f33305004495a9","hash":"55b25252f33371392239eef570fc44e5120557d1"}
,"C:\\Users\\ThuanDV\\Desktop\\Trainning\\react-training\\movie-app\\src\\pages\\SingleMoviePage.tsx": {"path":"C:\\Users\\ThuanDV\\Desktop\\Trainning\\react-training\\movie-app\\src\\pages\\SingleMoviePage.tsx","statementMap":{"0":{"start":{"line":6,"column":24},"end":{"line":16,"column":1}},"1":{"start":{"line":7,"column":17},"end":{"line":7,"column":28}},"2":{"start":{"line":8,"column":20},"end":{"line":8,"column":96}},"3":{"start":{"line":9,"column":24},"end":{"line":9,"column":43}},"4":{"start":{"line":11,"column":2},"end":{"line":13,"column":3}},"5":{"start":{"line":12,"column":4},"end":{"line":12,"column":43}},"6":{"start":{"line":15,"column":2},"end":{"line":15,"column":28}}},"fnMap":{"0":{"name":"(anonymous_0)","decl":{"start":{"line":6,"column":24},"end":{"line":6,"column":25}},"loc":{"start":{"line":6,"column":43},"end":{"line":16,"column":1}},"line":6}},"branchMap":{"0":{"loc":{"start":{"line":11,"column":2},"end":{"line":13,"column":3}},"type":"if","locations":[{"start":{"line":11,"column":2},"end":{"line":13,"column":3}},{"start":{},"end":{}}],"line":11}},"s":{"0":2,"1":3,"2":2,"3":2,"4":2,"5":1,"6":1},"f":{"0":3},"b":{"0":[1,1]},"_coverageSchema":"1a1c01bbd47fc00a2c39e90264f33305004495a9","hash":"e99ecc8c447b6b99e837a5bac46f8b6c99991e0b"}
,"C:\\Users\\ThuanDV\\Desktop\\Trainning\\react-training\\movie-app\\src\\services\\index.ts": {"path":"C:\\Users\\ThuanDV\\Desktop\\Trainning\\react-training\\movie-app\\src\\services\\index.ts","statementMap":{"0":{"start":{"line":1,"column":24},"end":{"line":11,"column":1}},"1":{"start":{"line":2,"column":17},"end":{"line":8,"column":3}},"2":{"start":{"line":10,"column":2},"end":{"line":10,"column":34}}},"fnMap":{"0":{"name":"(anonymous_0)","decl":{"start":{"line":1,"column":24},"end":{"line":1,"column":25}},"loc":{"start":{"line":1,"column":66},"end":{"line":11,"column":1}},"line":1}},"branchMap":{},"s":{"0":11,"1":1,"2":1},"f":{"0":1},"b":{},"_coverageSchema":"1a1c01bbd47fc00a2c39e90264f33305004495a9","hash":"da27b189c0b4be039f29472af655f11def049ce1"}
,"C:\\Users\\ThuanDV\\Desktop\\Trainning\\react-training\\movie-app\\src\\support\\Setup.ts": {"path":"C:\\Users\\ThuanDV\\Desktop\\Trainning\\react-training\\movie-app\\src\\support\\Setup.ts","statementMap":{"0":{"start":{"line":5,"column":14},"end":{"line":10,"column":1}},"1":{"start":{"line":6,"column":2},"end":{"line":9,"column":4}}},"fnMap":{"0":{"name":"(anonymous_0)","decl":{"start":{"line":5,"column":14},"end":{"line":5,"column":15}},"loc":{"start":{"line":5,"column":37},"end":{"line":10,"column":1}},"line":5}},"branchMap":{},"s":{"0":10,"1":21},"f":{"0":21},"b":{},"_coverageSchema":"1a1c01bbd47fc00a2c39e90264f33305004495a9","hash":"4e5753c9122a4cf67d40b19a96b9f9af3d2e2cab"}
,"C:\\Users\\ThuanDV\\Desktop\\Trainning\\react-training\\movie-app\\src\\utils\\index.ts": {"path":"C:\\Users\\ThuanDV\\Desktop\\Trainning\\react-training\\movie-app\\src\\utils\\index.ts","statementMap":{"0":{"start":{"line":9,"column":27},"end":{"line":16,"column":1}},"1":{"start":{"line":15,"column":2},"end":{"line":15,"column":137}},"2":{"start":{"line":18,"column":30},"end":{"line":20,"column":1}},"3":{"start":{"line":19,"column":2},"end":{"line":19,"column":137}},"4":{"start":{"line":22,"column":28},"end":{"line":24,"column":1}},"5":{"start":{"line":23,"column":2},"end":{"line":23,"column":134}},"6":{"start":{"line":26,"column":28},"end":{"line":28,"column":1}},"7":{"start":{"line":27,"column":2},"end":{"line":27,"column":135}},"8":{"start":{"line":30,"column":28},"end":{"line":32,"column":1}},"9":{"start":{"line":31,"column":2},"end":{"line":31,"column":154}},"10":{"start":{"line":34,"column":22},"end":{"line":39,"column":1}},"11":{"start":{"line":35,"column":2},"end":{"line":37,"column":3}},"12":{"start":{"line":36,"column":4},"end":{"line":36,"column":30}},"13":{"start":{"line":38,"column":2},"end":{"line":38,"column":14}},"14":{"start":{"line":41,"column":23},"end":{"line":55,"column":1}},"15":{"start":{"line":42,"column":15},"end":{"line":46,"column":3}},"16":{"start":{"line":48,"column":15},"end":{"line":48,"column":56}},"17":{"start":{"line":50,"column":2},"end":{"line":50,"column":30}},"18":{"start":{"line":52,"column":2},"end":{"line":54,"column":3}},"19":{"start":{"line":53,"column":4},"end":{"line":53,"column":19}},"20":{"start":{"line":57,"column":21},"end":{"line":70,"column":1}},"21":{"start":{"line":58,"column":2},"end":{"line":69,"column":3}},"22":{"start":{"line":60,"column":6},"end":{"line":60,"column":34}},"23":{"start":{"line":62,"column":6},"end":{"line":62,"column":32}},"24":{"start":{"line":64,"column":6},"end":{"line":64,"column":32}},"25":{"start":{"line":66,"column":6},"end":{"line":66,"column":31}},"26":{"start":{"line":68,"column":6},"end":{"line":68,"column":30}},"27":{"start":{"line":72,"column":20},"end":{"line":110,"column":1}},"28":{"start":{"line":86,"column":2},"end":{"line":102,"column":3}},"29":{"start":{"line":88,"column":6},"end":{"line":88,"column":56}},"30":{"start":{"line":89,"column":6},"end":{"line":89,"column":12}},"31":{"start":{"line":91,"column":6},"end":{"line":91,"column":54}},"32":{"start":{"line":92,"column":6},"end":{"line":92,"column":12}},"33":{"start":{"line":94,"column":6},"end":{"line":94,"column":54}},"34":{"start":{"line":95,"column":6},"end":{"line":95,"column":12}},"35":{"start":{"line":97,"column":6},"end":{"line":97,"column":39}},"36":{"start":{"line":98,"column":6},"end":{"line":98,"column":12}},"37":{"start":{"line":100,"column":6},"end":{"line":100,"column":59}},"38":{"start":{"line":101,"column":6},"end":{"line":101,"column":12}},"39":{"start":{"line":104,"column":22},"end":{"line":104,"column":71}},"40":{"start":{"line":106,"column":2},"end":{"line":109,"column":3}},"41":{"start":{"line":107,"column":21},"end":{"line":107,"column":84}},"42":{"start":{"line":108,"column":4},"end":{"line":108,"column":20}},"43":{"start":{"line":112,"column":19},"end":{"line":116,"column":1}},"44":{"start":{"line":113,"column":2},"end":{"line":115,"column":5}},"45":{"start":{"line":114,"column":4},"end":{"line":114,"column":85}}},"fnMap":{"0":{"name":"(anonymous_0)","decl":{"start":{"line":9,"column":27},"end":{"line":9,"column":28}},"loc":{"start":{"line":14,"column":5},"end":{"line":16,"column":1}},"line":14},"1":{"name":"(anonymous_1)","decl":{"start":{"line":18,"column":30},"end":{"line":18,"column":31}},"loc":{"start":{"line":18,"column":82},"end":{"line":20,"column":1}},"line":18},"2":{"name":"(anonymous_2)","decl":{"start":{"line":22,"column":28},"end":{"line":22,"column":29}},"loc":{"start":{"line":22,"column":80},"end":{"line":24,"column":1}},"line":22},"3":{"name":"(anonymous_3)","decl":{"start":{"line":26,"column":28},"end":{"line":26,"column":29}},"loc":{"start":{"line":26,"column":80},"end":{"line":28,"column":1}},"line":26},"4":{"name":"(anonymous_4)","decl":{"start":{"line":30,"column":28},"end":{"line":30,"column":29}},"loc":{"start":{"line":30,"column":47},"end":{"line":32,"column":1}},"line":30},"5":{"name":"(anonymous_5)","decl":{"start":{"line":34,"column":22},"end":{"line":34,"column":23}},"loc":{"start":{"line":34,"column":50},"end":{"line":39,"column":1}},"line":34},"6":{"name":"(anonymous_6)","decl":{"start":{"line":41,"column":23},"end":{"line":41,"column":24}},"loc":{"start":{"line":41,"column":67},"end":{"line":55,"column":1}},"line":41},"7":{"name":"(anonymous_7)","decl":{"start":{"line":57,"column":21},"end":{"line":57,"column":22}},"loc":{"start":{"line":57,"column":47},"end":{"line":70,"column":1}},"line":57},"8":{"name":"(anonymous_8)","decl":{"start":{"line":72,"column":20},"end":{"line":72,"column":21}},"loc":{"start":{"line":84,"column":6},"end":{"line":110,"column":1}},"line":84},"9":{"name":"(anonymous_9)","decl":{"start":{"line":112,"column":19},"end":{"line":112,"column":20}},"loc":{"start":{"line":112,"column":57},"end":{"line":116,"column":1}},"line":112},"10":{"name":"(anonymous_10)","decl":{"start":{"line":113,"column":19},"end":{"line":113,"column":20}},"loc":{"start":{"line":113,"column":29},"end":{"line":115,"column":3}},"line":113}},"branchMap":{"0":{"loc":{"start":{"line":35,"column":2},"end":{"line":37,"column":3}},"type":"if","locations":[{"start":{"line":35,"column":2},"end":{"line":37,"column":3}},{"start":{},"end":{}}],"line":35},"1":{"loc":{"start":{"line":35,"column":6},"end":{"line":35,"column":36}},"type":"binary-expr","locations":[{"start":{"line":35,"column":6},"end":{"line":35,"column":11}},{"start":{"line":35,"column":15},"end":{"line":35,"column":36}}],"line":35},"2":{"loc":{"start":{"line":52,"column":2},"end":{"line":54,"column":3}},"type":"if","locations":[{"start":{"line":52,"column":2},"end":{"line":54,"column":3}},{"start":{},"end":{}}],"line":52},"3":{"loc":{"start":{"line":58,"column":2},"end":{"line":69,"column":3}},"type":"switch","locations":[{"start":{"line":59,"column":4},"end":{"line":60,"column":34}},{"start":{"line":61,"column":4},"end":{"line":62,"column":32}},{"start":{"line":63,"column":4},"end":{"line":64,"column":32}},{"start":{"line":65,"column":4},"end":{"line":66,"column":31}},{"start":{"line":67,"column":4},"end":{"line":68,"column":30}}],"line":58},"4":{"loc":{"start":{"line":86,"column":2},"end":{"line":102,"column":3}},"type":"switch","locations":[{"start":{"line":87,"column":4},"end":{"line":89,"column":12}},{"start":{"line":90,"column":4},"end":{"line":92,"column":12}},{"start":{"line":93,"column":4},"end":{"line":95,"column":12}},{"start":{"line":96,"column":4},"end":{"line":98,"column":12}},{"start":{"line":99,"column":4},"end":{"line":101,"column":12}}],"line":86},"5":{"loc":{"start":{"line":106,"column":2},"end":{"line":109,"column":3}},"type":"if","locations":[{"start":{"line":106,"column":2},"end":{"line":109,"column":3}},{"start":{},"end":{}}],"line":106},"6":{"loc":{"start":{"line":114,"column":31},"end":{"line":114,"column":82}},"type":"cond-expr","locations":[{"start":{"line":114,"column":54},"end":{"line":114,"column":67}},{"start":{"line":114,"column":70},"end":{"line":114,"column":82}}],"line":114}},"s":{"0":10,"1":2,"2":10,"3":2,"4":10,"5":2,"6":10,"7":2,"8":10,"9":7,"10":10,"11":23,"12":21,"13":2,"14":10,"15":1,"16":1,"17":1,"18":1,"19":0,"20":10,"21":15,"22":1,"23":1,"24":1,"25":1,"26":11,"27":10,"28":5,"29":1,"30":1,"31":1,"32":1,"33":1,"34":1,"35":1,"36":1,"37":1,"38":1,"39":5,"40":5,"41":4,"42":4,"43":10,"44":1,"45":2},"f":{"0":2,"1":2,"2":2,"3":2,"4":7,"5":23,"6":1,"7":15,"8":5,"9":1,"10":2},"b":{"0":[21,2],"1":[23,22],"2":[0,1],"3":[1,1,1,1,11],"4":[1,1,1,1,1],"5":[4,1],"6":[1,1]},"_coverageSchema":"1a1c01bbd47fc00a2c39e90264f33305004495a9","hash":"6b667b30be4bc3794d100c40611ad34ead965798"}
}
