TN:
SF:src\App.tsx
FN:8,(anonymous_0)
FNF:1
FNH:1
FNDA:2,(anonymous_0)
DA:8,1
DA:9,2
LF:2
LH:2
BRF:0
BRH:0
end_of_record
TN:
SF:src\components\Button\Button.tsx
FN:15,(anonymous_0)
FNF:1
FNH:1
FNDA:30,(anonymous_0)
DA:15,4
DA:25,30
DA:27,30
LF:3
LH:3
BRF:0
BRH:0
end_of_record
TN:
SF:src\components\CardMovie\CardMovie.tsx
FN:14,(anonymous_0)
FN:19,(anonymous_1)
FN:23,(anonymous_2)
FN:27,(anonymous_3)
FN:31,(anonymous_4)
FNF:5
FNH:5
FNDA:16,(anonymous_0)
FNDA:1,(anonymous_1)
FNDA:1,(anonymous_2)
FNDA:1,(anonymous_3)
FNDA:4,(anonymous_4)
DA:14,4
DA:15,16
DA:17,16
DA:19,16
DA:20,1
DA:23,16
DA:24,1
DA:27,16
DA:28,1
DA:32,4
DA:46,16
LF:11
LH:11
BRDA:37,0,0,1
BRDA:37,0,1,3
BRDA:37,1,0,4
BRDA:37,1,1,4
BRDA:61,2,0,16
BRDA:61,2,1,1
BRF:6
BRH:6
end_of_record
TN:
SF:src\components\CardMovie\ContentCard\ContentCard.tsx
FN:13,(anonymous_0)
FNF:1
FNH:1
FNDA:14,(anonymous_0)
DA:13,5
DA:14,14
DA:16,14
DA:18,14
LF:4
LH:4
BRF:0
BRH:0
end_of_record
TN:
SF:src\components\CardMovie\ImageCard\ImageCard.tsx
FN:14,(anonymous_0)
FNF:1
FNH:1
FNDA:15,(anonymous_0)
DA:14,5
DA:15,15
DA:17,15
LF:3
LH:3
BRDA:24,0,0,14
BRDA:24,0,1,1
BRF:2
BRH:2
end_of_record
TN:
SF:src\components\Chip\Chip.tsx
FN:10,(anonymous_0)
FNF:1
FNH:1
FNDA:86,(anonymous_0)
DA:10,4
DA:11,86
DA:13,86
LF:3
LH:3
BRDA:16,0,0,1
BRDA:16,0,1,85
BRF:2
BRH:2
end_of_record
TN:
SF:src\components\Footer\Footer.tsx
FN:8,(anonymous_0)
FN:9,(anonymous_1)
FN:12,(anonymous_2)
FN:22,(anonymous_3)
FN:25,(anonymous_4)
FNF:5
FNH:5
FNDA:2,(anonymous_0)
FNDA:2,(anonymous_1)
FNDA:8,(anonymous_2)
FNDA:8,(anonymous_3)
FNDA:30,(anonymous_4)
DA:8,2
DA:9,2
DA:10,2
DA:13,8
DA:22,2
DA:23,8
DA:26,30
DA:34,2
LF:8
LH:8
BRF:0
BRH:0
end_of_record
TN:
SF:src\components\Header\Header.tsx
FN:7,(anonymous_0)
FNF:1
FNH:1
FNDA:2,(anonymous_0)
DA:7,2
DA:8,2
LF:2
LH:2
BRF:0
BRH:0
end_of_record
TN:
SF:src\components\ListMovie\ListMovie.tsx
FN:27,(anonymous_0)
FN:58,(anonymous_1)
FN:92,(anonymous_2)
FN:95,(anonymous_3)
FNF:4
FNH:3
FNDA:13,(anonymous_0)
FNDA:101,(anonymous_1)
FNDA:12,(anonymous_2)
FNDA:0,(anonymous_3)
DA:27,3
DA:40,13
DA:42,13
DA:59,101
DA:93,12
DA:95,0
LF:6
LH:5
BRDA:91,0,0,7
BRDA:91,0,1,6
BRF:2
BRH:2
end_of_record
TN:
SF:src\components\Menu\Menu.tsx
FN:9,(anonymous_0)
FNF:1
FNH:1
FNDA:28,(anonymous_0)
DA:9,4
DA:10,28
DA:12,28
LF:3
LH:3
BRF:0
BRH:0
end_of_record
TN:
SF:src\components\Movie\Movie.tsx
FN:9,(anonymous_0)
FNF:1
FNH:1
FNDA:3,(anonymous_0)
DA:9,3
DA:10,3
DA:12,3
LF:3
LH:3
BRF:0
BRH:0
end_of_record
TN:
SF:src\components\Movie\ContentMovie\ContentMovie.tsx
FN:18,(anonymous_0)
FNF:1
FNH:1
FNDA:5,(anonymous_0)
DA:18,4
DA:28,5
DA:30,5
LF:3
LH:3
BRDA:37,0,0,3
BRDA:37,0,1,2
BRF:2
BRH:2
end_of_record
TN:
SF:src\components\Movie\ContentMovie\InfoMovie\InfoMovie.tsx
FN:17,(anonymous_0)
FN:36,(anonymous_1)
FN:66,(anonymous_2)
FNF:3
FNH:3
FNDA:7,(anonymous_0)
FNDA:4,(anonymous_1)
FNDA:28,(anonymous_2)
DA:17,5
DA:18,7
DA:19,7
DA:20,7
DA:22,7
DA:37,4
DA:67,28
LF:7
LH:7
BRF:0
BRH:0
end_of_record
TN:
SF:src\components\Navbar\Navbar.tsx
FN:10,(anonymous_0)
FN:16,(anonymous_1)
FNF:2
FNH:2
FNDA:4,(anonymous_0)
FNDA:6,(anonymous_1)
DA:10,3
DA:11,4
DA:12,4
DA:17,6
LF:4
LH:4
BRDA:21,0,0,6
BRDA:21,0,1,2
BRF:2
BRH:2
end_of_record
TN:
SF:src\components\Navbar\NavItem\NavItem.tsx
FN:8,(anonymous_0)
FN:13,(anonymous_1)
FNF:2
FNH:2
FNDA:4,(anonymous_0)
FNDA:10,(anonymous_1)
DA:8,4
DA:9,4
DA:11,4
DA:14,10
LF:4
LH:4
BRF:0
BRH:0
end_of_record
TN:
SF:src\components\Optional\Optional.tsx
FN:8,(anonymous_0)
FN:11,(anonymous_1)
FNF:2
FNH:2
FNDA:17,(anonymous_0)
FNDA:2,(anonymous_1)
DA:8,6
DA:9,17
DA:10,17
DA:11,2
LF:4
LH:4
BRF:0
BRH:0
end_of_record
TN:
SF:src\components\Popup\Popup.tsx
FN:12,(anonymous_0)
FNF:1
FNH:1
FNDA:7,(anonymous_0)
DA:12,5
DA:13,7
DA:15,7
LF:3
LH:3
BRF:0
BRH:0
end_of_record
TN:
SF:src\components\RangerSlider\RangerSlider.tsx
FN:13,(anonymous_0)
FN:17,(anonymous_1)
FNF:2
FNH:2
FNDA:18,(anonymous_0)
FNDA:2,(anonymous_1)
DA:13,4
DA:14,18
DA:15,18
DA:17,18
DA:18,2
DA:19,2
DA:22,18
LF:7
LH:7
BRDA:24,0,0,18
BRDA:24,0,1,18
BRF:2
BRH:2
end_of_record
TN:
SF:src\components\Select\Select.tsx
FN:8,(anonymous_0)
FN:13,(anonymous_1)
FN:17,(anonymous_2)
FN:26,(anonymous_3)
FN:31,(anonymous_4)
FNF:5
FNH:5
FNDA:20,(anonymous_0)
FNDA:2,(anonymous_1)
FNDA:1,(anonymous_2)
FNDA:160,(anonymous_3)
FNDA:1,(anonymous_4)
DA:8,4
DA:9,20
DA:10,20
DA:11,20
DA:13,20
DA:14,2
DA:17,20
DA:18,1
DA:19,1
DA:20,1
DA:24,20
DA:27,160
DA:31,1
DA:40,20
LF:14
LH:14
BRDA:50,0,0,2
BRDA:50,0,1,18
BRF:2
BRH:2
end_of_record
TN:
SF:src\components\Tooltip\Tooltip.tsx
FN:9,(anonymous_0)
FNF:1
FNH:1
FNDA:30,(anonymous_0)
DA:9,6
DA:10,30
DA:11,30
LF:3
LH:3
BRF:0
BRH:0
end_of_record
TN:
SF:src\helper\index.ts
FN:8,(anonymous_0)
FN:13,(anonymous_1)
FN:16,(anonymous_2)
FN:23,(anonymous_3)
FN:32,(anonymous_4)
FN:33,(anonymous_5)
FN:36,(anonymous_6)
FN:45,(anonymous_7)
FN:53,(anonymous_8)
FNF:9
FNH:9
FNDA:2,(anonymous_0)
FNDA:2,(anonymous_1)
FNDA:2,(anonymous_2)
FNDA:6,(anonymous_3)
FNDA:1,(anonymous_4)
FNDA:2,(anonymous_5)
FNDA:3,(anonymous_6)
FNDA:1,(anonymous_7)
FNDA:8,(anonymous_8)
DA:8,11
DA:9,2
DA:10,1
DA:13,1
DA:14,2
DA:16,2
DA:20,1
DA:23,11
DA:24,6
DA:25,6
DA:27,1
DA:28,1
DA:32,11
DA:33,2
DA:36,11
DA:37,3
DA:39,3
DA:40,1
DA:42,2
DA:45,11
DA:46,1
DA:48,1
DA:49,1
DA:53,11
DA:54,8
DA:55,8
DA:57,8
LF:27
LH:27
BRDA:9,0,0,1
BRDA:9,0,1,1
BRDA:9,1,0,2
BRDA:9,1,1,1
BRDA:27,2,0,1
BRDA:27,2,1,0
BRDA:39,3,0,1
BRDA:39,3,1,2
BRDA:48,4,0,1
BRDA:48,4,1,0
BRF:10
BRH:8
end_of_record
TN:
SF:src\pages\ListMoviePage.tsx
FN:18,(anonymous_0)
FN:33,(anonymous_1)
FN:48,(anonymous_2)
FN:60,(anonymous_3)
FN:69,(anonymous_4)
FN:73,(anonymous_5)
FN:81,(anonymous_6)
FN:88,(anonymous_7)
FN:99,(anonymous_8)
FN:121,(anonymous_9)
FN:138,(anonymous_10)
FN:140,(anonymous_11)
FN:143,(anonymous_12)
FN:155,(anonymous_13)
FN:160,(anonymous_14)
FNF:15
FNH:6
FNDA:15,(anonymous_0)
FNDA:11,(anonymous_1)
FNDA:5,(anonymous_2)
FNDA:76,(anonymous_3)
FNDA:0,(anonymous_4)
FNDA:0,(anonymous_5)
FNDA:0,(anonymous_6)
FNDA:0,(anonymous_7)
FNDA:1,(anonymous_8)
FNDA:0,(anonymous_9)
FNDA:0,(anonymous_10)
FNDA:0,(anonymous_11)
FNDA:0,(anonymous_12)
FNDA:1,(anonymous_13)
FNDA:0,(anonymous_14)
DA:18,2
DA:19,15
DA:21,1
DA:23,1
DA:25,1
DA:27,1
DA:29,11
DA:33,2
DA:34,11
DA:35,10
DA:36,10
DA:37,10
DA:38,10
DA:39,10
DA:40,10
DA:41,10
DA:42,10
DA:43,10
DA:44,10
DA:45,10
DA:46,10
DA:48,10
DA:49,5
DA:50,4
DA:55,4
DA:56,4
DA:59,5
DA:60,4
DA:61,76
DA:64,4
DA:68,10
DA:70,0
DA:72,0
DA:73,0
DA:74,0
DA:79,0
DA:80,0
DA:82,0
DA:87,0
DA:89,0
DA:99,10
DA:100,1
DA:102,1
DA:110,1
DA:111,0
DA:112,0
DA:121,10
DA:122,0
DA:130,0
DA:131,0
DA:132,0
DA:133,0
DA:137,10
DA:139,0
DA:140,0
DA:142,0
DA:143,0
DA:144,0
DA:146,0
DA:149,0
DA:150,0
DA:155,10
DA:156,1
DA:157,1
DA:160,10
DA:161,0
DA:169,0
DA:170,0
DA:171,0
DA:176,10
DA:178,10
DA:180,10
LF:72
LH:44
BRDA:19,0,0,1
BRDA:19,0,1,1
BRDA:19,0,2,1
BRDA:19,0,3,1
BRDA:19,0,4,11
BRDA:34,1,0,10
BRDA:49,2,0,4
BRDA:49,2,1,1
BRDA:59,3,0,4
BRDA:59,3,1,1
BRDA:72,4,0,0
BRDA:72,4,1,0
BRDA:74,5,0,0
BRDA:74,5,1,0
BRDA:79,6,0,0
BRDA:79,6,1,0
BRDA:79,7,0,0
BRDA:79,7,1,0
BRDA:89,8,0,0
BRDA:89,8,1,0
BRDA:110,9,0,0
BRDA:110,9,1,1
BRDA:130,10,0,0
BRDA:130,10,1,0
BRDA:142,11,0,0
BRDA:142,11,1,0
BRDA:169,12,0,0
BRDA:169,12,1,0
BRDA:176,13,0,5
BRDA:176,13,1,5
BRDA:176,14,0,10
BRDA:176,14,1,5
BRF:32
BRH:15
end_of_record
TN:
SF:src\pages\NotFoundPage.tsx
FN:4,(anonymous_0)
FNF:1
FNH:1
FNDA:1,(anonymous_0)
DA:4,2
DA:5,1
LF:2
LH:2
BRF:0
BRH:0
end_of_record
TN:
SF:src\pages\SingleMoviePage.tsx
FN:6,(anonymous_0)
FNF:1
FNH:1
FNDA:3,(anonymous_0)
DA:6,2
DA:7,3
DA:8,2
DA:9,2
DA:11,2
DA:12,1
DA:15,1
LF:7
LH:7
BRDA:11,0,0,1
BRDA:11,0,1,1
BRF:2
BRH:2
end_of_record
TN:
SF:src\services\index.ts
FN:1,(anonymous_0)
FNF:1
FNH:1
FNDA:1,(anonymous_0)
DA:1,11
DA:2,1
DA:10,1
LF:3
LH:3
BRF:0
BRH:0
end_of_record
TN:
SF:src\support\Setup.ts
FN:5,(anonymous_0)
FNF:1
FNH:1
FNDA:21,(anonymous_0)
DA:5,10
DA:6,21
LF:2
LH:2
BRF:0
BRH:0
end_of_record
TN:
SF:src\utils\index.ts
FN:9,(anonymous_0)
FN:18,(anonymous_1)
FN:22,(anonymous_2)
FN:26,(anonymous_3)
FN:30,(anonymous_4)
FN:34,(anonymous_5)
FN:41,(anonymous_6)
FN:57,(anonymous_7)
FN:72,(anonymous_8)
FN:112,(anonymous_9)
FN:113,(anonymous_10)
FNF:11
FNH:11
FNDA:2,(anonymous_0)
FNDA:2,(anonymous_1)
FNDA:2,(anonymous_2)
FNDA:2,(anonymous_3)
FNDA:7,(anonymous_4)
FNDA:23,(anonymous_5)
FNDA:1,(anonymous_6)
FNDA:15,(anonymous_7)
FNDA:5,(anonymous_8)
FNDA:1,(anonymous_9)
FNDA:2,(anonymous_10)
DA:9,10
DA:15,2
DA:18,10
DA:19,2
DA:22,10
DA:23,2
DA:26,10
DA:27,2
DA:30,10
DA:31,7
DA:34,10
DA:35,23
DA:36,21
DA:38,2
DA:41,10
DA:42,1
DA:48,1
DA:50,1
DA:52,1
DA:53,0
DA:57,10
DA:58,15
DA:60,1
DA:62,1
DA:64,1
DA:66,1
DA:68,11
DA:72,10
DA:86,5
DA:88,1
DA:89,1
DA:91,1
DA:92,1
DA:94,1
DA:95,1
DA:97,1
DA:98,1
DA:100,1
DA:101,1
DA:104,5
DA:106,5
DA:107,4
DA:108,4
DA:112,10
DA:113,1
DA:114,2
LF:46
LH:45
BRDA:35,0,0,21
BRDA:35,0,1,2
BRDA:35,1,0,23
BRDA:35,1,1,22
BRDA:52,2,0,0
BRDA:52,2,1,1
BRDA:58,3,0,1
BRDA:58,3,1,1
BRDA:58,3,2,1
BRDA:58,3,3,1
BRDA:58,3,4,11
BRDA:86,4,0,1
BRDA:86,4,1,1
BRDA:86,4,2,1
BRDA:86,4,3,1
BRDA:86,4,4,1
BRDA:106,5,0,4
BRDA:106,5,1,1
BRDA:114,6,0,1
BRDA:114,6,1,1
BRF:20
BRH:19
end_of_record
